Started GET "/" for 127.0.0.1 at 2017-09-12 15:58:32 -0400
  
ActiveRecord::NoDatabaseError (Unknown database 'rails5_dev'):
  
activerecord (5.1.3) lib/active_record/connection_adapters/mysql2_adapter.rb:25:in `rescue in mysql2_connection'
activerecord (5.1.3) lib/active_record/connection_adapters/mysql2_adapter.rb:12:in `mysql2_connection'
activerecord (5.1.3) lib/active_record/connection_adapters/abstract/connection_pool.rb:759:in `new_connection'
activerecord (5.1.3) lib/active_record/connection_adapters/abstract/connection_pool.rb:803:in `checkout_new_connection'
activerecord (5.1.3) lib/active_record/connection_adapters/abstract/connection_pool.rb:782:in `try_to_checkout_new_connection'
activerecord (5.1.3) lib/active_record/connection_adapters/abstract/connection_pool.rb:743:in `acquire_connection'
activerecord (5.1.3) lib/active_record/connection_adapters/abstract/connection_pool.rb:500:in `checkout'
activerecord (5.1.3) lib/active_record/connection_adapters/abstract/connection_pool.rb:374:in `connection'
activerecord (5.1.3) lib/active_record/connection_adapters/abstract/connection_pool.rb:931:in `retrieve_connection'
activerecord (5.1.3) lib/active_record/connection_handling.rb:116:in `retrieve_connection'
activerecord (5.1.3) lib/active_record/connection_handling.rb:88:in `connection'
activerecord (5.1.3) lib/active_record/migration.rb:562:in `connection'
activerecord (5.1.3) lib/active_record/migration.rb:553:in `call'
actionpack (5.1.3) lib/action_dispatch/middleware/callbacks.rb:26:in `block in call'
activesupport (5.1.3) lib/active_support/callbacks.rb:97:in `run_callbacks'
actionpack (5.1.3) lib/action_dispatch/middleware/callbacks.rb:24:in `call'
actionpack (5.1.3) lib/action_dispatch/middleware/executor.rb:12:in `call'
actionpack (5.1.3) lib/action_dispatch/middleware/debug_exceptions.rb:59:in `call'
web-console (3.5.1) lib/web_console/middleware.rb:135:in `call_app'
web-console (3.5.1) lib/web_console/middleware.rb:28:in `block in call'
web-console (3.5.1) lib/web_console/middleware.rb:18:in `catch'
web-console (3.5.1) lib/web_console/middleware.rb:18:in `call'
actionpack (5.1.3) lib/action_dispatch/middleware/show_exceptions.rb:31:in `call'
railties (5.1.3) lib/rails/rack/logger.rb:36:in `call_app'
railties (5.1.3) lib/rails/rack/logger.rb:24:in `block in call'
activesupport (5.1.3) lib/active_support/tagged_logging.rb:69:in `block in tagged'
activesupport (5.1.3) lib/active_support/tagged_logging.rb:26:in `tagged'
activesupport (5.1.3) lib/active_support/tagged_logging.rb:69:in `tagged'
railties (5.1.3) lib/rails/rack/logger.rb:24:in `call'
sprockets-rails (3.2.1) lib/sprockets/rails/quiet_assets.rb:13:in `call'
actionpack (5.1.3) lib/action_dispatch/middleware/remote_ip.rb:79:in `call'
actionpack (5.1.3) lib/action_dispatch/middleware/request_id.rb:25:in `call'
rack (2.0.3) lib/rack/method_override.rb:22:in `call'
rack (2.0.3) lib/rack/runtime.rb:22:in `call'
activesupport (5.1.3) lib/active_support/cache/strategy/local_cache_middleware.rb:27:in `call'
actionpack (5.1.3) lib/action_dispatch/middleware/executor.rb:12:in `call'
actionpack (5.1.3) lib/action_dispatch/middleware/static.rb:125:in `call'
rack (2.0.3) lib/rack/sendfile.rb:111:in `call'
railties (5.1.3) lib/rails/engine.rb:522:in `call'
puma (3.10.0) lib/puma/configuration.rb:225:in `call'
puma (3.10.0) lib/puma/server.rb:605:in `handle_request'
puma (3.10.0) lib/puma/server.rb:437:in `process_client'
puma (3.10.0) lib/puma/server.rb:301:in `block in run'
puma (3.10.0) lib/puma/thread_pool.rb:120:in `block in spawn_thread'
Started GET "/" for 127.0.0.1 at 2017-09-12 16:00:55 -0400
  [1m[35m (28.0ms)[0m  [1m[35mSET NAMES utf8,  @@SESSION.sql_mode = CONCAT(CONCAT(@@sql_mode, ',STRICT_ALL_TABLES'), ',NO_AUTO_VALUE_ON_ZERO'),  @@SESSION.sql_auto_is_null = 0, @@SESSION.wait_timeout = 2147483[0m
  
ActiveRecord::PendingMigrationError (

Migrations are pending. To resolve this issue, run:

        bin/rails db:migrate RAILS_ENV=development

):
  
activerecord (5.1.3) lib/active_record/migration.rb:576:in `check_pending!'
activerecord (5.1.3) lib/active_record/migration.rb:553:in `call'
actionpack (5.1.3) lib/action_dispatch/middleware/callbacks.rb:26:in `block in call'
activesupport (5.1.3) lib/active_support/callbacks.rb:97:in `run_callbacks'
actionpack (5.1.3) lib/action_dispatch/middleware/callbacks.rb:24:in `call'
actionpack (5.1.3) lib/action_dispatch/middleware/executor.rb:12:in `call'
actionpack (5.1.3) lib/action_dispatch/middleware/debug_exceptions.rb:59:in `call'
web-console (3.5.1) lib/web_console/middleware.rb:135:in `call_app'
web-console (3.5.1) lib/web_console/middleware.rb:28:in `block in call'
web-console (3.5.1) lib/web_console/middleware.rb:18:in `catch'
web-console (3.5.1) lib/web_console/middleware.rb:18:in `call'
actionpack (5.1.3) lib/action_dispatch/middleware/show_exceptions.rb:31:in `call'
railties (5.1.3) lib/rails/rack/logger.rb:36:in `call_app'
railties (5.1.3) lib/rails/rack/logger.rb:24:in `block in call'
activesupport (5.1.3) lib/active_support/tagged_logging.rb:69:in `block in tagged'
activesupport (5.1.3) lib/active_support/tagged_logging.rb:26:in `tagged'
activesupport (5.1.3) lib/active_support/tagged_logging.rb:69:in `tagged'
railties (5.1.3) lib/rails/rack/logger.rb:24:in `call'
sprockets-rails (3.2.1) lib/sprockets/rails/quiet_assets.rb:13:in `call'
actionpack (5.1.3) lib/action_dispatch/middleware/remote_ip.rb:79:in `call'
actionpack (5.1.3) lib/action_dispatch/middleware/request_id.rb:25:in `call'
rack (2.0.3) lib/rack/method_override.rb:22:in `call'
rack (2.0.3) lib/rack/runtime.rb:22:in `call'
activesupport (5.1.3) lib/active_support/cache/strategy/local_cache_middleware.rb:27:in `call'
actionpack (5.1.3) lib/action_dispatch/middleware/executor.rb:12:in `call'
actionpack (5.1.3) lib/action_dispatch/middleware/static.rb:125:in `call'
rack (2.0.3) lib/rack/sendfile.rb:111:in `call'
railties (5.1.3) lib/rails/engine.rb:522:in `call'
puma (3.10.0) lib/puma/configuration.rb:225:in `call'
puma (3.10.0) lib/puma/server.rb:605:in `handle_request'
puma (3.10.0) lib/puma/server.rb:437:in `process_client'
puma (3.10.0) lib/puma/server.rb:301:in `block in run'
puma (3.10.0) lib/puma/thread_pool.rb:120:in `block in spawn_thread'
  [1m[35m (1.3ms)[0m  [1m[35mSET NAMES utf8,  @@SESSION.sql_mode = CONCAT(CONCAT(@@sql_mode, ',STRICT_ALL_TABLES'), ',NO_AUTO_VALUE_ON_ZERO'),  @@SESSION.sql_auto_is_null = 0, @@SESSION.wait_timeout = 2147483[0m
  [1m[35m (85.8ms)[0m  [1m[35mCREATE TABLE `schema_migrations` (`version` varchar(255) NOT NULL PRIMARY KEY) ENGINE=InnoDB[0m
  [1m[35m (18.7ms)[0m  [1m[35mCREATE TABLE `ar_internal_metadata` (`key` varchar(255) NOT NULL PRIMARY KEY, `value` varchar(255), `created_at` datetime NOT NULL, `updated_at` datetime NOT NULL) ENGINE=InnoDB[0m
  [1m[35m (18.5ms)[0m  [1m[34mSELECT GET_LOCK(2229555364335045075, 0)[0m
  [1m[35m (1.1ms)[0m  [1m[34mSELECT `schema_migrations`.`version` FROM `schema_migrations` ORDER BY `schema_migrations`.`version` ASC[0m
Migrating to CreateUsers (20170908131311)
  [1m[35m (11.5ms)[0m  [1m[35mCREATE TABLE `users` (`id` bigint NOT NULL AUTO_INCREMENT PRIMARY KEY, `username` varchar(255), `employee_number` int, `first_name` varchar(255), `last_name` varchar(255), `suffix` varchar(255) DEFAULT NULL, `initials` varchar(255), `email` varchar(255), `pin` varchar(255), `backgroung_color` varchar(255), `text_color` varchar(255), `is_active` tinyint(1), `created_at` datetime NOT NULL, `updated_at` datetime NOT NULL) ENGINE=InnoDB[0m
  [1m[35m (104.9ms)[0m  [1m[35mCREATE UNIQUE INDEX `index_users_on_username`  ON `users` (`username`) [0m
  [1m[35m (16.4ms)[0m  [1m[35mCREATE UNIQUE INDEX `index_users_on_employee_number`  ON `users` (`employee_number`) [0m
  [1m[35m (23.1ms)[0m  [1m[35mCREATE UNIQUE INDEX `index_users_on_email`  ON `users` (`email`) [0m
  [1m[35m (0.8ms)[0m  [1m[35mBEGIN[0m
  [1m[35mSQL (1.0ms)[0m  [1m[32mINSERT INTO `schema_migrations` (`version`) VALUES ('20170908131311')[0m
  [1m[35m (1.4ms)[0m  [1m[35mCOMMIT[0m
Migrating to CreatePermissions (20170908154413)
  [1m[35m (4.3ms)[0m  [1m[35mCREATE TABLE `permissions` (`id` bigint NOT NULL AUTO_INCREMENT PRIMARY KEY, `permission` varchar(255), `description` varchar(255), `label_set` int DEFAULT NULL) ENGINE=InnoDB[0m
  [1m[35m (19.2ms)[0m  [1m[35mCREATE UNIQUE INDEX `index_permissions_on_permission`  ON `permissions` (`permission`) [0m
  [1m[35m (1.6ms)[0m  [1m[35mBEGIN[0m
  [1m[35mSQL (1.3ms)[0m  [1m[32mINSERT INTO `schema_migrations` (`version`) VALUES ('20170908154413')[0m
  [1m[35m (2.9ms)[0m  [1m[35mCOMMIT[0m
Migrating to CreateAssignedPermissions (20170908170327)
  [1m[35m (5.2ms)[0m  [1m[35mCREATE TABLE `assigned_permissions` (`id` bigint NOT NULL AUTO_INCREMENT PRIMARY KEY, `user_id` int, `permission_id` int, `value` int, `created_at` datetime NOT NULL, `updated_at` datetime NOT NULL) ENGINE=InnoDB[0m
  [1m[35m (16.9ms)[0m  [1m[35mALTER TABLE `assigned_permissions` ADD CONSTRAINT `fk_rails_324ef26984`
FOREIGN KEY (`user_id`)
  REFERENCES `users` (`id`)
[0m
  [1m[35m (26.5ms)[0m  [1m[34mSELECT RELEASE_LOCK(2229555364335045075)[0m
  [1m[35m (1.5ms)[0m  [1m[35mSET NAMES utf8,  @@SESSION.sql_mode = CONCAT(CONCAT(@@sql_mode, ',STRICT_ALL_TABLES'), ',NO_AUTO_VALUE_ON_ZERO'),  @@SESSION.sql_auto_is_null = 0, @@SESSION.wait_timeout = 2147483[0m
  [1m[35m (3.6ms)[0m  [1m[34mSELECT `schema_migrations`.`version` FROM `schema_migrations` ORDER BY `schema_migrations`.`version` ASC[0m
  [1m[35m (1.2ms)[0m  [1m[34mSELECT `ar_internal_metadata`.`value` FROM `ar_internal_metadata` WHERE `ar_internal_metadata`.`key` = 'environment'[0m
  [1m[35m (1.4ms)[0m  [1m[35mSET NAMES utf8,  @@SESSION.sql_mode = CONCAT(CONCAT(@@sql_mode, ',STRICT_ALL_TABLES'), ',NO_AUTO_VALUE_ON_ZERO'),  @@SESSION.sql_auto_is_null = 0, @@SESSION.wait_timeout = 2147483[0m
  [1m[35m (1.0ms)[0m  [1m[34mSELECT GET_LOCK(2229555364335045075, 0)[0m
  [1m[35m (1.3ms)[0m  [1m[34mSELECT `schema_migrations`.`version` FROM `schema_migrations` ORDER BY `schema_migrations`.`version` ASC[0m
Migrating to CreateAssignedPermissions (20170908170327)
  [1m[35m (1.3ms)[0m  [1m[35mCREATE TABLE `assigned_permissions` (`id` bigint NOT NULL AUTO_INCREMENT PRIMARY KEY, `user_id` bigint, `permission_id` bigint, `value` int, `created_at` datetime NOT NULL, `updated_at` datetime NOT NULL) ENGINE=InnoDB[0m
  [1m[35m (1.1ms)[0m  [1m[34mSELECT RELEASE_LOCK(2229555364335045075)[0m
  [1m[35m (1.7ms)[0m  [1m[35mSET NAMES utf8,  @@SESSION.sql_mode = CONCAT(CONCAT(@@sql_mode, ',STRICT_ALL_TABLES'), ',NO_AUTO_VALUE_ON_ZERO'),  @@SESSION.sql_auto_is_null = 0, @@SESSION.wait_timeout = 2147483[0m
  [1m[35m (1.3ms)[0m  [1m[34mSELECT `schema_migrations`.`version` FROM `schema_migrations` ORDER BY `schema_migrations`.`version` ASC[0m
  [1m[35m (1.3ms)[0m  [1m[34mSELECT `ar_internal_metadata`.`value` FROM `ar_internal_metadata` WHERE `ar_internal_metadata`.`key` = 'environment'[0m
  [1m[35m (1.3ms)[0m  [1m[35mSET NAMES utf8,  @@SESSION.sql_mode = CONCAT(CONCAT(@@sql_mode, ',STRICT_ALL_TABLES'), ',NO_AUTO_VALUE_ON_ZERO'),  @@SESSION.sql_auto_is_null = 0, @@SESSION.wait_timeout = 2147483[0m
  [1m[36mActiveRecord::InternalMetadata Load (1.6ms)[0m  [1m[34mSELECT  `ar_internal_metadata`.* FROM `ar_internal_metadata` WHERE `ar_internal_metadata`.`key` = 'environment' LIMIT 1[0m
  [1m[35m (0.8ms)[0m  [1m[35mBEGIN[0m
  [1m[35mSQL (0.9ms)[0m  [1m[32mINSERT INTO `ar_internal_metadata` (`key`, `value`, `created_at`, `updated_at`) VALUES ('environment', 'development', '2017-09-12 20:10:53', '2017-09-12 20:10:53')[0m
  [1m[35m (2.0ms)[0m  [1m[35mCOMMIT[0m
  [1m[35m (1.2ms)[0m  [1m[35mSET NAMES utf8,  @@SESSION.sql_mode = CONCAT(CONCAT(@@sql_mode, ',STRICT_ALL_TABLES'), ',NO_AUTO_VALUE_ON_ZERO'),  @@SESSION.sql_auto_is_null = 0, @@SESSION.wait_timeout = 2147483[0m
  [1m[35m (1.6ms)[0m  [1m[34mSELECT `schema_migrations`.`version` FROM `schema_migrations` ORDER BY `schema_migrations`.`version` ASC[0m
  [1m[35m (1.3ms)[0m  [1m[34mSELECT `ar_internal_metadata`.`value` FROM `ar_internal_metadata` WHERE `ar_internal_metadata`.`key` = 'environment'[0m
  [1m[35m (0.9ms)[0m  [1m[34mSELECT `schema_migrations`.`version` FROM `schema_migrations` ORDER BY `schema_migrations`.`version` ASC[0m
  [1m[35m (0.9ms)[0m  [1m[34mSELECT `ar_internal_metadata`.`value` FROM `ar_internal_metadata` WHERE `ar_internal_metadata`.`key` = 'environment'[0m
  [1m[35m (1.0ms)[0m  [1m[34mSELECT `schema_migrations`.`version` FROM `schema_migrations` ORDER BY `schema_migrations`.`version` ASC[0m
  [1m[35m (1.4ms)[0m  [1m[34mSELECT `ar_internal_metadata`.`value` FROM `ar_internal_metadata` WHERE `ar_internal_metadata`.`key` = 'environment'[0m
  [1m[35m (0.9ms)[0m  [1m[35mSET NAMES utf8,  @@SESSION.sql_mode = CONCAT(CONCAT(@@sql_mode, ',STRICT_ALL_TABLES'), ',NO_AUTO_VALUE_ON_ZERO'),  @@SESSION.sql_auto_is_null = 0, @@SESSION.wait_timeout = 2147483[0m
  [1m[35m (142.4ms)[0m  [1m[35mDROP DATABASE IF EXISTS `rails5_dev`[0m
  [1m[35m (0.9ms)[0m  [1m[35mSET NAMES utf8,  @@SESSION.sql_mode = CONCAT(CONCAT(@@sql_mode, ',STRICT_ALL_TABLES'), ',NO_AUTO_VALUE_ON_ZERO'),  @@SESSION.sql_auto_is_null = 0, @@SESSION.wait_timeout = 2147483[0m
  [1m[35m (2.9ms)[0m  [1m[35mDROP DATABASE IF EXISTS `rails5_test`[0m
  [1m[35m (1.0ms)[0m  [1m[35mSET NAMES utf8,  @@SESSION.sql_mode = CONCAT(CONCAT(@@sql_mode, ',STRICT_ALL_TABLES'), ',NO_AUTO_VALUE_ON_ZERO'),  @@SESSION.sql_auto_is_null = 0, @@SESSION.wait_timeout = 2147483[0m
  [1m[35m (3.4ms)[0m  [1m[35mCREATE DATABASE `rails5_dev` DEFAULT CHARACTER SET `utf8`[0m
  [1m[35m (0.9ms)[0m  [1m[35mSET NAMES utf8,  @@SESSION.sql_mode = CONCAT(CONCAT(@@sql_mode, ',STRICT_ALL_TABLES'), ',NO_AUTO_VALUE_ON_ZERO'),  @@SESSION.sql_auto_is_null = 0, @@SESSION.wait_timeout = 2147483[0m
  [1m[35m (3.8ms)[0m  [1m[35mCREATE DATABASE `rails5_test` DEFAULT CHARACTER SET `utf8`[0m
  [1m[35m (0.9ms)[0m  [1m[35mSET NAMES utf8,  @@SESSION.sql_mode = CONCAT(CONCAT(@@sql_mode, ',STRICT_ALL_TABLES'), ',NO_AUTO_VALUE_ON_ZERO'),  @@SESSION.sql_auto_is_null = 0, @@SESSION.wait_timeout = 2147483[0m
  [1m[35m (4.6ms)[0m  [1m[35mCREATE TABLE `schema_migrations` (`version` varchar(255) NOT NULL PRIMARY KEY) ENGINE=InnoDB[0m
  [1m[35m (17.0ms)[0m  [1m[35mCREATE TABLE `ar_internal_metadata` (`key` varchar(255) NOT NULL PRIMARY KEY, `value` varchar(255), `created_at` datetime NOT NULL, `updated_at` datetime NOT NULL) ENGINE=InnoDB[0m
  [1m[35m (0.7ms)[0m  [1m[34mSELECT GET_LOCK(2229555364335045075, 0)[0m
  [1m[35m (0.7ms)[0m  [1m[34mSELECT `schema_migrations`.`version` FROM `schema_migrations` ORDER BY `schema_migrations`.`version` ASC[0m
Migrating to CreateUsers (20170908131311)
  [1m[35m (5.8ms)[0m  [1m[35mCREATE TABLE `users` (`id` bigint NOT NULL AUTO_INCREMENT PRIMARY KEY, `username` varchar(255), `employee_number` int, `first_name` varchar(255), `last_name` varchar(255), `suffix` varchar(255) DEFAULT NULL, `initials` varchar(255), `email` varchar(255), `pin` varchar(255), `backgroung_color` varchar(255), `text_color` varchar(255), `is_active` tinyint(1), `created_at` datetime NOT NULL, `updated_at` datetime NOT NULL) ENGINE=InnoDB[0m
  [1m[35m (22.5ms)[0m  [1m[35mCREATE UNIQUE INDEX `index_users_on_username`  ON `users` (`username`) [0m
  [1m[35m (18.2ms)[0m  [1m[35mCREATE UNIQUE INDEX `index_users_on_employee_number`  ON `users` (`employee_number`) [0m
  [1m[35m (18.2ms)[0m  [1m[35mCREATE UNIQUE INDEX `index_users_on_email`  ON `users` (`email`) [0m
  [1m[35m (0.9ms)[0m  [1m[35mBEGIN[0m
  [1m[35mSQL (0.9ms)[0m  [1m[32mINSERT INTO `schema_migrations` (`version`) VALUES ('20170908131311')[0m
  [1m[35m (1.5ms)[0m  [1m[35mCOMMIT[0m
Migrating to CreatePermissions (20170908154413)
  [1m[35m (8.5ms)[0m  [1m[35mCREATE TABLE `permissions` (`id` bigint NOT NULL AUTO_INCREMENT PRIMARY KEY, `permission` varchar(255), `description` varchar(255), `label_set` int DEFAULT NULL) ENGINE=InnoDB[0m
  [1m[35m (10.2ms)[0m  [1m[35mCREATE UNIQUE INDEX `index_permissions_on_permission`  ON `permissions` (`permission`) [0m
  [1m[35m (3.3ms)[0m  [1m[35mBEGIN[0m
  [1m[35mSQL (7.9ms)[0m  [1m[32mINSERT INTO `schema_migrations` (`version`) VALUES ('20170908154413')[0m
  [1m[35m (3.1ms)[0m  [1m[35mCOMMIT[0m
Migrating to CreateAssignedPermissions (20170908170327)
  [1m[35m (15.2ms)[0m  [1m[35mCREATE TABLE `assigned_permissions` (`id` bigint NOT NULL AUTO_INCREMENT PRIMARY KEY, `user_id` bigint, `permission_id` bigint, `value` int, `created_at` datetime NOT NULL, `updated_at` datetime NOT NULL) ENGINE=InnoDB[0m
  [1m[35m (39.7ms)[0m  [1m[35mALTER TABLE `assigned_permissions` ADD CONSTRAINT `fk_rails_324ef26984`
FOREIGN KEY (`user_id`)
  REFERENCES `users` (`id`)
[0m
  [1m[35m (18.9ms)[0m  [1m[35mALTER TABLE `assigned_permissions` ADD CONSTRAINT `fk_rails_aca282a7fd`
FOREIGN KEY (`permission_id`)
  REFERENCES `permissions` (`id`)
[0m
  [1m[35m (0.7ms)[0m  [1m[35mBEGIN[0m
  [1m[35mSQL (0.6ms)[0m  [1m[32mINSERT INTO `schema_migrations` (`version`) VALUES ('20170908170327')[0m
  [1m[35m (1.1ms)[0m  [1m[35mCOMMIT[0m
  [1m[36mActiveRecord::InternalMetadata Load (0.9ms)[0m  [1m[34mSELECT  `ar_internal_metadata`.* FROM `ar_internal_metadata` WHERE `ar_internal_metadata`.`key` = 'environment' LIMIT 1[0m
  [1m[35m (2.4ms)[0m  [1m[35mBEGIN[0m
  [1m[35mSQL (0.8ms)[0m  [1m[32mINSERT INTO `ar_internal_metadata` (`key`, `value`, `created_at`, `updated_at`) VALUES ('environment', 'development', '2017-09-12 20:11:00', '2017-09-12 20:11:00')[0m
  [1m[35m (1.3ms)[0m  [1m[35mCOMMIT[0m
  [1m[35m (0.8ms)[0m  [1m[34mSELECT RELEASE_LOCK(2229555364335045075)[0m
  [1m[35m (0.8ms)[0m  [1m[34mSELECT `schema_migrations`.`version` FROM `schema_migrations` ORDER BY `schema_migrations`.`version` ASC[0m
  [1m[35m (1.5ms)[0m  [1m[34mSELECT `schema_migrations`.`version` FROM `schema_migrations` ORDER BY `schema_migrations`.`version` ASC[0m
  [1m[35m (1.0ms)[0m  [1m[35mBEGIN[0m
  [1m[36mUser Exists (1.0ms)[0m  [1m[34mSELECT  1 AS one FROM `users` WHERE `users`.`username` = 'terryw' LIMIT 1[0m
  [1m[36mUser Exists (0.8ms)[0m  [1m[34mSELECT  1 AS one FROM `users` WHERE `users`.`employee_number` = 40 LIMIT 1[0m
  [1m[36mUser Exists (0.9ms)[0m  [1m[34mSELECT  1 AS one FROM `users` WHERE `users`.`email` = 'terry.willis@varland.com' LIMIT 1[0m
  [1m[35mSQL (1.1ms)[0m  [1m[32mINSERT INTO `users` (`username`, `employee_number`, `first_name`, `last_name`, `initials`, `email`, `pin`, `created_at`, `updated_at`) VALUES ('terryw', 40, 'Terry', 'Willis', 'TW', 'terry.willis@varland.com', '7553', '2017-09-12 20:11:01', '2017-09-12 20:11:01')[0m
  [1m[35m (2.0ms)[0m  [1m[35mCOMMIT[0m
  [1m[35m (0.9ms)[0m  [1m[35mBEGIN[0m
  [1m[36mUser Exists (2.5ms)[0m  [1m[34mSELECT  1 AS one FROM `users` WHERE `users`.`username` = 'bill' LIMIT 1[0m
  [1m[36mUser Exists (1.1ms)[0m  [1m[34mSELECT  1 AS one FROM `users` WHERE `users`.`employee_number` = 73 LIMIT 1[0m
  [1m[36mUser Exists (1.4ms)[0m  [1m[34mSELECT  1 AS one FROM `users` WHERE `users`.`email` = 'bill.christopher@varland.com' LIMIT 1[0m
  [1m[35mSQL (1.6ms)[0m  [1m[32mINSERT INTO `users` (`username`, `employee_number`, `first_name`, `last_name`, `initials`, `email`, `pin`, `created_at`, `updated_at`) VALUES ('bill', 73, 'Bill', 'Christopher', 'BC', 'bill.christopher@varland.com', '1142', '2017-09-12 20:11:01', '2017-09-12 20:11:01')[0m
  [1m[35m (2.0ms)[0m  [1m[35mCOMMIT[0m
  [1m[35m (1.0ms)[0m  [1m[35mBEGIN[0m
  [1m[36mUser Exists (1.1ms)[0m  [1m[34mSELECT  1 AS one FROM `users` WHERE `users`.`username` = 'jason' LIMIT 1[0m
  [1m[36mUser Exists (1.4ms)[0m  [1m[34mSELECT  1 AS one FROM `users` WHERE `users`.`employee_number` = 87 LIMIT 1[0m
  [1m[36mUser Exists (3.6ms)[0m  [1m[34mSELECT  1 AS one FROM `users` WHERE `users`.`email` = 'jason.yeary@varland.com' LIMIT 1[0m
  [1m[35mSQL (1.4ms)[0m  [1m[32mINSERT INTO `users` (`username`, `employee_number`, `first_name`, `last_name`, `initials`, `email`, `pin`, `created_at`, `updated_at`) VALUES ('jason', 87, 'Jason', 'Yeary', 'JY', 'jason.yeary@varland.com', '8694', '2017-09-12 20:11:01', '2017-09-12 20:11:01')[0m
  [1m[35m (1.9ms)[0m  [1m[35mCOMMIT[0m
  [1m[35m (0.9ms)[0m  [1m[35mBEGIN[0m
  [1m[36mUser Exists (0.9ms)[0m  [1m[34mSELECT  1 AS one FROM `users` WHERE `users`.`username` = 'elliott' LIMIT 1[0m
  [1m[36mUser Exists (0.9ms)[0m  [1m[34mSELECT  1 AS one FROM `users` WHERE `users`.`employee_number` = 89 LIMIT 1[0m
  [1m[36mUser Exists (0.9ms)[0m  [1m[34mSELECT  1 AS one FROM `users` WHERE `users`.`email` = 'elliott.lockett@varland.com' LIMIT 1[0m
  [1m[35mSQL (1.1ms)[0m  [1m[32mINSERT INTO `users` (`username`, `employee_number`, `first_name`, `last_name`, `initials`, `email`, `pin`, `created_at`, `updated_at`) VALUES ('elliott', 89, 'Elliott', 'Lockett', 'EL', 'elliott.lockett@varland.com', '0880', '2017-09-12 20:11:01', '2017-09-12 20:11:01')[0m
  [1m[35m (1.2ms)[0m  [1m[35mCOMMIT[0m
  [1m[35m (1.2ms)[0m  [1m[35mBEGIN[0m
  [1m[36mUser Exists (1.2ms)[0m  [1m[34mSELECT  1 AS one FROM `users` WHERE `users`.`username` = 'ali' LIMIT 1[0m
  [1m[36mUser Exists (1.3ms)[0m  [1m[34mSELECT  1 AS one FROM `users` WHERE `users`.`employee_number` = 103 LIMIT 1[0m
  [1m[36mUser Exists (0.9ms)[0m  [1m[34mSELECT  1 AS one FROM `users` WHERE `users`.`email` = 'ali.boubry@varland.com' LIMIT 1[0m
  [1m[35mSQL (1.1ms)[0m  [1m[32mINSERT INTO `users` (`username`, `employee_number`, `first_name`, `last_name`, `initials`, `email`, `pin`, `created_at`, `updated_at`) VALUES ('ali', 103, 'Ali', 'Boubry', 'AB', 'ali.boubry@varland.com', '4269', '2017-09-12 20:11:01', '2017-09-12 20:11:01')[0m
  [1m[35m (1.5ms)[0m  [1m[35mCOMMIT[0m
  [1m[35m (0.9ms)[0m  [1m[35mBEGIN[0m
  [1m[36mUser Exists (0.9ms)[0m  [1m[34mSELECT  1 AS one FROM `users` WHERE `users`.`username` = 'abdel' LIMIT 1[0m
  [1m[36mUser Exists (0.8ms)[0m  [1m[34mSELECT  1 AS one FROM `users` WHERE `users`.`employee_number` = 106 LIMIT 1[0m
  [1m[36mUser Exists (1.4ms)[0m  [1m[34mSELECT  1 AS one FROM `users` WHERE `users`.`email` = 'abdel.chamor@varland.com' LIMIT 1[0m
  [1m[35mSQL (1.3ms)[0m  [1m[32mINSERT INTO `users` (`username`, `employee_number`, `first_name`, `last_name`, `initials`, `email`, `pin`, `created_at`, `updated_at`) VALUES ('abdel', 106, 'Abdel', 'Chamor', 'AC', 'abdel.chamor@varland.com', '8521', '2017-09-12 20:11:01', '2017-09-12 20:11:01')[0m
  [1m[35m (1.8ms)[0m  [1m[35mCOMMIT[0m
  [1m[35m (1.1ms)[0m  [1m[35mBEGIN[0m
  [1m[36mUser Exists (1.1ms)[0m  [1m[34mSELECT  1 AS one FROM `users` WHERE `users`.`username` = 'roll' LIMIT 1[0m
  [1m[36mUser Exists (1.0ms)[0m  [1m[34mSELECT  1 AS one FROM `users` WHERE `users`.`employee_number` = 113 LIMIT 1[0m
  [1m[36mUser Exists (1.0ms)[0m  [1m[34mSELECT  1 AS one FROM `users` WHERE `users`.`email` = 'bob.roll@varland.com' LIMIT 1[0m
  [1m[35mSQL (1.2ms)[0m  [1m[32mINSERT INTO `users` (`username`, `employee_number`, `first_name`, `last_name`, `initials`, `email`, `pin`, `created_at`, `updated_at`) VALUES ('roll', 113, 'Bob', 'Roll', 'BR', 'bob.roll@varland.com', '2521', '2017-09-12 20:11:01', '2017-09-12 20:11:01')[0m
  [1m[35m (1.8ms)[0m  [1m[35mCOMMIT[0m
  [1m[35m (0.9ms)[0m  [1m[35mBEGIN[0m
  [1m[36mUser Exists (0.9ms)[0m  [1m[34mSELECT  1 AS one FROM `users` WHERE `users`.`username` = 'marks' LIMIT 1[0m
  [1m[36mUser Exists (1.1ms)[0m  [1m[34mSELECT  1 AS one FROM `users` WHERE `users`.`employee_number` = 118 LIMIT 1[0m
  [1m[36mUser Exists (0.8ms)[0m  [1m[34mSELECT  1 AS one FROM `users` WHERE `users`.`email` = 'mark.strader@varland.com' LIMIT 1[0m
  [1m[35mSQL (1.3ms)[0m  [1m[32mINSERT INTO `users` (`username`, `employee_number`, `first_name`, `last_name`, `initials`, `email`, `pin`, `created_at`, `updated_at`) VALUES ('marks', 118, 'Mark', 'Strader', 'MS', 'mark.strader@varland.com', '6110', '2017-09-12 20:11:01', '2017-09-12 20:11:01')[0m
  [1m[35m (2.9ms)[0m  [1m[35mCOMMIT[0m
  [1m[35m (0.8ms)[0m  [1m[35mBEGIN[0m
  [1m[36mUser Exists (0.9ms)[0m  [1m[34mSELECT  1 AS one FROM `users` WHERE `users`.`username` = 'james' LIMIT 1[0m
  [1m[36mUser Exists (0.7ms)[0m  [1m[34mSELECT  1 AS one FROM `users` WHERE `users`.`employee_number` = 124 LIMIT 1[0m
  [1m[36mUser Exists (0.9ms)[0m  [1m[34mSELECT  1 AS one FROM `users` WHERE `users`.`email` = 'james.hill@varland.com' LIMIT 1[0m
  [1m[35mSQL (1.0ms)[0m  [1m[32mINSERT INTO `users` (`username`, `employee_number`, `first_name`, `last_name`, `initials`, `email`, `pin`, `created_at`, `updated_at`) VALUES ('james', 124, 'James', 'Hill', 'JH', 'james.hill@varland.com', '7665', '2017-09-12 20:11:01', '2017-09-12 20:11:01')[0m
  [1m[35m (1.5ms)[0m  [1m[35mCOMMIT[0m
  [1m[35m (0.9ms)[0m  [1m[35mBEGIN[0m
  [1m[36mUser Exists (1.3ms)[0m  [1m[34mSELECT  1 AS one FROM `users` WHERE `users`.`username` = 'chad' LIMIT 1[0m
  [1m[36mUser Exists (1.3ms)[0m  [1m[34mSELECT  1 AS one FROM `users` WHERE `users`.`employee_number` = 125 LIMIT 1[0m
  [1m[36mUser Exists (0.8ms)[0m  [1m[34mSELECT  1 AS one FROM `users` WHERE `users`.`email` = 'chad.mink@varland.com' LIMIT 1[0m
  [1m[35mSQL (1.2ms)[0m  [1m[32mINSERT INTO `users` (`username`, `employee_number`, `first_name`, `last_name`, `initials`, `email`, `pin`, `created_at`, `updated_at`) VALUES ('chad', 125, 'Chad', 'Mink', 'CM', 'chad.mink@varland.com', '0093', '2017-09-12 20:11:01', '2017-09-12 20:11:01')[0m
  [1m[35m (1.3ms)[0m  [1m[35mCOMMIT[0m
  [1m[35m (0.9ms)[0m  [1m[35mBEGIN[0m
  [1m[36mUser Exists (1.3ms)[0m  [1m[34mSELECT  1 AS one FROM `users` WHERE `users`.`username` = 'vince' LIMIT 1[0m
  [1m[36mUser Exists (1.1ms)[0m  [1m[34mSELECT  1 AS one FROM `users` WHERE `users`.`employee_number` = 127 LIMIT 1[0m
  [1m[36mUser Exists (1.2ms)[0m  [1m[34mSELECT  1 AS one FROM `users` WHERE `users`.`email` = 'vincent.hill@varland.com' LIMIT 1[0m
  [1m[35mSQL (1.3ms)[0m  [1m[32mINSERT INTO `users` (`username`, `employee_number`, `first_name`, `last_name`, `initials`, `email`, `pin`, `created_at`, `updated_at`) VALUES ('vince', 127, 'Vince', 'Hill', 'VH', 'vincent.hill@varland.com', '6303', '2017-09-12 20:11:01', '2017-09-12 20:11:01')[0m
  [1m[35m (1.4ms)[0m  [1m[35mCOMMIT[0m
  [1m[35m (1.2ms)[0m  [1m[35mBEGIN[0m
  [1m[36mUser Exists (1.2ms)[0m  [1m[34mSELECT  1 AS one FROM `users` WHERE `users`.`username` = 'will' LIMIT 1[0m
  [1m[36mUser Exists (1.0ms)[0m  [1m[34mSELECT  1 AS one FROM `users` WHERE `users`.`employee_number` = 128 LIMIT 1[0m
  [1m[36mUser Exists (1.3ms)[0m  [1m[34mSELECT  1 AS one FROM `users` WHERE `users`.`email` = 'will.christopher@varland.com' LIMIT 1[0m
  [1m[35mSQL (1.3ms)[0m  [1m[32mINSERT INTO `users` (`username`, `employee_number`, `first_name`, `last_name`, `initials`, `email`, `pin`, `created_at`, `updated_at`) VALUES ('will', 128, 'Will', 'Christopher', 'WC', 'will.christopher@varland.com', '4717', '2017-09-12 20:11:01', '2017-09-12 20:11:01')[0m
  [1m[35m (1.7ms)[0m  [1m[35mCOMMIT[0m
  [1m[35m (0.8ms)[0m  [1m[35mBEGIN[0m
  [1m[36mUser Exists (1.1ms)[0m  [1m[34mSELECT  1 AS one FROM `users` WHERE `users`.`username` = 'kevinm' LIMIT 1[0m
  [1m[36mUser Exists (1.2ms)[0m  [1m[34mSELECT  1 AS one FROM `users` WHERE `users`.`employee_number` = 135 LIMIT 1[0m
  [1m[36mUser Exists (1.3ms)[0m  [1m[34mSELECT  1 AS one FROM `users` WHERE `users`.`email` = 'kevin.mangold@varland.com' LIMIT 1[0m
  [1m[35mSQL (1.1ms)[0m  [1m[32mINSERT INTO `users` (`username`, `employee_number`, `first_name`, `last_name`, `initials`, `email`, `pin`, `created_at`, `updated_at`) VALUES ('kevinm', 135, 'Kevin', 'Mangold', 'KM', 'kevin.mangold@varland.com', '5336', '2017-09-12 20:11:01', '2017-09-12 20:11:01')[0m
  [1m[35m (13.0ms)[0m  [1m[35mCOMMIT[0m
  [1m[35m (1.5ms)[0m  [1m[35mBEGIN[0m
  [1m[36mUser Exists (0.9ms)[0m  [1m[34mSELECT  1 AS one FROM `users` WHERE `users`.`username` = 'rick' LIMIT 1[0m
  [1m[36mUser Exists (3.4ms)[0m  [1m[34mSELECT  1 AS one FROM `users` WHERE `users`.`employee_number` = 203 LIMIT 1[0m
  [1m[36mUser Exists (1.1ms)[0m  [1m[34mSELECT  1 AS one FROM `users` WHERE `users`.`email` = 'rick.colwell@varland.com' LIMIT 1[0m
  [1m[35mSQL (1.0ms)[0m  [1m[32mINSERT INTO `users` (`username`, `employee_number`, `first_name`, `last_name`, `initials`, `email`, `pin`, `created_at`, `updated_at`) VALUES ('rick', 203, 'Rick', 'Colwell', 'RC', 'rick.colwell@varland.com', '8386', '2017-09-12 20:11:01', '2017-09-12 20:11:01')[0m
  [1m[35m (1.4ms)[0m  [1m[35mCOMMIT[0m
  [1m[35m (0.9ms)[0m  [1m[35mBEGIN[0m
  [1m[36mUser Exists (1.0ms)[0m  [1m[34mSELECT  1 AS one FROM `users` WHERE `users`.`username` = 'eddie' LIMIT 1[0m
  [1m[36mUser Exists (0.9ms)[0m  [1m[34mSELECT  1 AS one FROM `users` WHERE `users`.`employee_number` = 205 LIMIT 1[0m
  [1m[36mUser Exists (0.9ms)[0m  [1m[34mSELECT  1 AS one FROM `users` WHERE `users`.`email` = 'eddie.turner@varland.com' LIMIT 1[0m
  [1m[35mSQL (1.2ms)[0m  [1m[32mINSERT INTO `users` (`username`, `employee_number`, `first_name`, `last_name`, `initials`, `email`, `pin`, `created_at`, `updated_at`) VALUES ('eddie', 205, 'Eddie', 'Turner', 'ET', 'eddie.turner@varland.com', '7133', '2017-09-12 20:11:01', '2017-09-12 20:11:01')[0m
  [1m[35m (1.4ms)[0m  [1m[35mCOMMIT[0m
  [1m[35m (0.8ms)[0m  [1m[35mBEGIN[0m
  [1m[36mUser Exists (1.2ms)[0m  [1m[34mSELECT  1 AS one FROM `users` WHERE `users`.`username` = 'austen' LIMIT 1[0m
  [1m[36mUser Exists (0.9ms)[0m  [1m[34mSELECT  1 AS one FROM `users` WHERE `users`.`employee_number` = 211 LIMIT 1[0m
  [1m[36mUser Exists (0.8ms)[0m  [1m[34mSELECT  1 AS one FROM `users` WHERE `users`.`email` = 'austen.roof@varland.com' LIMIT 1[0m
  [1m[35mSQL (1.2ms)[0m  [1m[32mINSERT INTO `users` (`username`, `employee_number`, `first_name`, `last_name`, `initials`, `email`, `pin`, `created_at`, `updated_at`) VALUES ('austen', 211, 'Austen', 'Roof', 'AER', 'austen.roof@varland.com', '1041', '2017-09-12 20:11:01', '2017-09-12 20:11:01')[0m
  [1m[35m (1.4ms)[0m  [1m[35mCOMMIT[0m
  [1m[35m (1.2ms)[0m  [1m[35mBEGIN[0m
  [1m[36mUser Exists (1.1ms)[0m  [1m[34mSELECT  1 AS one FROM `users` WHERE `users`.`username` = 'casey' LIMIT 1[0m
  [1m[36mUser Exists (0.8ms)[0m  [1m[34mSELECT  1 AS one FROM `users` WHERE `users`.`employee_number` = 212 LIMIT 1[0m
  [1m[36mUser Exists (0.9ms)[0m  [1m[34mSELECT  1 AS one FROM `users` WHERE `users`.`email` = 'casey.mckeehan@varland.com' LIMIT 1[0m
  [1m[35mSQL (0.9ms)[0m  [1m[32mINSERT INTO `users` (`username`, `employee_number`, `first_name`, `last_name`, `initials`, `email`, `pin`, `created_at`, `updated_at`) VALUES ('casey', 212, 'Casey', 'McKeehan', 'CM', 'casey.mckeehan@varland.com', '1234', '2017-09-12 20:11:01', '2017-09-12 20:11:01')[0m
  [1m[35m (1.4ms)[0m  [1m[35mCOMMIT[0m
  [1m[35m (1.2ms)[0m  [1m[35mBEGIN[0m
  [1m[36mUser Exists (1.1ms)[0m  [1m[34mSELECT  1 AS one FROM `users` WHERE `users`.`username` = 'matt' LIMIT 1[0m
  [1m[36mUser Exists (0.8ms)[0m  [1m[34mSELECT  1 AS one FROM `users` WHERE `users`.`employee_number` = 213 LIMIT 1[0m
  [1m[36mUser Exists (1.1ms)[0m  [1m[34mSELECT  1 AS one FROM `users` WHERE `users`.`email` = 'matt.knight@varland.com' LIMIT 1[0m
  [1m[35mSQL (1.1ms)[0m  [1m[32mINSERT INTO `users` (`username`, `employee_number`, `first_name`, `last_name`, `initials`, `email`, `pin`, `created_at`, `updated_at`) VALUES ('matt', 213, 'Matt', 'Knight', 'MK', 'matt.knight@varland.com', '2965', '2017-09-12 20:11:01', '2017-09-12 20:11:01')[0m
  [1m[35m (1.4ms)[0m  [1m[35mCOMMIT[0m
  [1m[35m (0.7ms)[0m  [1m[35mBEGIN[0m
  [1m[36mUser Exists (1.1ms)[0m  [1m[34mSELECT  1 AS one FROM `users` WHERE `users`.`username` = 'dave' LIMIT 1[0m
  [1m[36mUser Exists (1.1ms)[0m  [1m[34mSELECT  1 AS one FROM `users` WHERE `users`.`employee_number` = 300 LIMIT 1[0m
  [1m[36mUser Exists (1.1ms)[0m  [1m[34mSELECT  1 AS one FROM `users` WHERE `users`.`email` = 'dave.prasse@varland.com' LIMIT 1[0m
  [1m[35mSQL (3.4ms)[0m  [1m[32mINSERT INTO `users` (`username`, `employee_number`, `first_name`, `last_name`, `initials`, `email`, `pin`, `created_at`, `updated_at`) VALUES ('dave', 300, 'Dave', 'Prasse', 'DP', 'dave.prasse@varland.com', '1275', '2017-09-12 20:11:01', '2017-09-12 20:11:01')[0m
  [1m[35m (1.5ms)[0m  [1m[35mCOMMIT[0m
  [1m[35m (1.2ms)[0m  [1m[35mBEGIN[0m
  [1m[36mUser Exists (0.9ms)[0m  [1m[34mSELECT  1 AS one FROM `users` WHERE `users`.`username` = 'jim' LIMIT 1[0m
  [1m[36mUser Exists (1.4ms)[0m  [1m[34mSELECT  1 AS one FROM `users` WHERE `users`.`employee_number` = 301 LIMIT 1[0m
  [1m[36mUser Exists (1.2ms)[0m  [1m[34mSELECT  1 AS one FROM `users` WHERE `users`.`email` = 'jim.nelson@varland.com' LIMIT 1[0m
  [1m[35mSQL (1.2ms)[0m  [1m[32mINSERT INTO `users` (`username`, `employee_number`, `first_name`, `last_name`, `initials`, `email`, `pin`, `created_at`, `updated_at`) VALUES ('jim', 301, 'Jim', 'Nelson', 'JN', 'jim.nelson@varland.com', '1231', '2017-09-12 20:11:01', '2017-09-12 20:11:01')[0m
  [1m[35m (1.3ms)[0m  [1m[35mCOMMIT[0m
  [1m[35m (0.8ms)[0m  [1m[35mBEGIN[0m
  [1m[36mUser Exists (0.8ms)[0m  [1m[34mSELECT  1 AS one FROM `users` WHERE `users`.`username` = 'john' LIMIT 1[0m
  [1m[36mUser Exists (1.2ms)[0m  [1m[34mSELECT  1 AS one FROM `users` WHERE `users`.`employee_number` = 305 LIMIT 1[0m
  [1m[36mUser Exists (1.0ms)[0m  [1m[34mSELECT  1 AS one FROM `users` WHERE `users`.`email` = 'john.thompson@varland.com' LIMIT 1[0m
  [1m[35mSQL (1.2ms)[0m  [1m[32mINSERT INTO `users` (`username`, `employee_number`, `first_name`, `last_name`, `initials`, `email`, `pin`, `created_at`, `updated_at`) VALUES ('john', 305, 'John', 'Thompson', 'JET', 'john.thompson@varland.com', '2040', '2017-09-12 20:11:01', '2017-09-12 20:11:01')[0m
  [1m[35m (1.4ms)[0m  [1m[35mCOMMIT[0m
  [1m[35m (0.8ms)[0m  [1m[35mBEGIN[0m
  [1m[36mUser Exists (1.1ms)[0m  [1m[34mSELECT  1 AS one FROM `users` WHERE `users`.`username` = 'marc' LIMIT 1[0m
  [1m[36mUser Exists (1.0ms)[0m  [1m[34mSELECT  1 AS one FROM `users` WHERE `users`.`employee_number` = 308 LIMIT 1[0m
  [1m[36mUser Exists (1.0ms)[0m  [1m[34mSELECT  1 AS one FROM `users` WHERE `users`.`email` = 'marc.bruns@varland.com' LIMIT 1[0m
  [1m[35mSQL (1.0ms)[0m  [1m[32mINSERT INTO `users` (`username`, `employee_number`, `first_name`, `last_name`, `initials`, `email`, `pin`, `created_at`, `updated_at`) VALUES ('marc', 308, 'Marc', 'Bruns', 'MB', 'marc.bruns@varland.com', '1945', '2017-09-12 20:11:01', '2017-09-12 20:11:01')[0m
  [1m[35m (1.4ms)[0m  [1m[35mCOMMIT[0m
  [1m[35m (0.8ms)[0m  [1m[35mBEGIN[0m
  [1m[36mUser Exists (0.9ms)[0m  [1m[34mSELECT  1 AS one FROM `users` WHERE `users`.`username` = 'mmjr' LIMIT 1[0m
  [1m[36mUser Exists (0.9ms)[0m  [1m[34mSELECT  1 AS one FROM `users` WHERE `users`.`employee_number` = 309 LIMIT 1[0m
  [1m[36mUser Exists (1.0ms)[0m  [1m[34mSELECT  1 AS one FROM `users` WHERE `users`.`email` = 'mike.mitchell.jr@varland.com' LIMIT 1[0m
  [1m[35mSQL (0.9ms)[0m  [1m[32mINSERT INTO `users` (`username`, `employee_number`, `first_name`, `last_name`, `suffix`, `initials`, `email`, `pin`, `created_at`, `updated_at`) VALUES ('mmjr', 309, 'Mike', 'Mitchell', 'Jr', 'MMJr', 'mike.mitchell.jr@varland.com', '1717', '2017-09-12 20:11:01', '2017-09-12 20:11:01')[0m
  [1m[35m (1.6ms)[0m  [1m[35mCOMMIT[0m
  [1m[35m (0.8ms)[0m  [1m[35mBEGIN[0m
  [1m[36mUser Exists (0.9ms)[0m  [1m[34mSELECT  1 AS one FROM `users` WHERE `users`.`username` = 'rob' LIMIT 1[0m
  [1m[36mUser Exists (0.9ms)[0m  [1m[34mSELECT  1 AS one FROM `users` WHERE `users`.`employee_number` = 401 LIMIT 1[0m
  [1m[36mUser Exists (0.8ms)[0m  [1m[34mSELECT  1 AS one FROM `users` WHERE `users`.`email` = 'rob.caudill@varland.com' LIMIT 1[0m
  [1m[35mSQL (0.9ms)[0m  [1m[32mINSERT INTO `users` (`username`, `employee_number`, `first_name`, `last_name`, `initials`, `email`, `pin`, `created_at`, `updated_at`) VALUES ('rob', 401, 'Rob', 'Caudill', 'RC', 'rob.caudill@varland.com', '2974', '2017-09-12 20:11:01', '2017-09-12 20:11:01')[0m
  [1m[35m (1.6ms)[0m  [1m[35mCOMMIT[0m
  [1m[35m (0.8ms)[0m  [1m[35mBEGIN[0m
  [1m[36mUser Exists (3.3ms)[0m  [1m[34mSELECT  1 AS one FROM `users` WHERE `users`.`username` = 'mitch' LIMIT 1[0m
  [1m[36mUser Exists (0.8ms)[0m  [1m[34mSELECT  1 AS one FROM `users` WHERE `users`.`employee_number` = 404 LIMIT 1[0m
  [1m[36mUser Exists (1.2ms)[0m  [1m[34mSELECT  1 AS one FROM `users` WHERE `users`.`email` = 'mike.mitchell@varland.com' LIMIT 1[0m
  [1m[35mSQL (0.9ms)[0m  [1m[32mINSERT INTO `users` (`username`, `employee_number`, `first_name`, `last_name`, `initials`, `email`, `pin`, `created_at`, `updated_at`) VALUES ('mitch', 404, 'Mike', 'Mitchell', 'MM', 'mike.mitchell@varland.com', '1383', '2017-09-12 20:11:01', '2017-09-12 20:11:01')[0m
  [1m[35m (1.5ms)[0m  [1m[35mCOMMIT[0m
  [1m[35m (1.1ms)[0m  [1m[35mBEGIN[0m
  [1m[36mUser Exists (1.0ms)[0m  [1m[34mSELECT  1 AS one FROM `users` WHERE `users`.`username` = 'tim' LIMIT 1[0m
  [1m[36mUser Exists (1.7ms)[0m  [1m[34mSELECT  1 AS one FROM `users` WHERE `users`.`employee_number` = 431 LIMIT 1[0m
  [1m[36mUser Exists (1.2ms)[0m  [1m[34mSELECT  1 AS one FROM `users` WHERE `users`.`email` = 'tim.hudson@varland.com' LIMIT 1[0m
  [1m[35mSQL (1.2ms)[0m  [1m[32mINSERT INTO `users` (`username`, `employee_number`, `first_name`, `last_name`, `initials`, `email`, `pin`, `created_at`, `updated_at`) VALUES ('tim', 431, 'Tim', 'Hudson', 'TH', 'tim.hudson@varland.com', '7095', '2017-09-12 20:11:01', '2017-09-12 20:11:01')[0m
  [1m[35m (1.4ms)[0m  [1m[35mCOMMIT[0m
  [1m[35m (1.2ms)[0m  [1m[35mBEGIN[0m
  [1m[36mUser Exists (1.1ms)[0m  [1m[34mSELECT  1 AS one FROM `users` WHERE `users`.`username` = 'gregt' LIMIT 1[0m
  [1m[36mUser Exists (0.9ms)[0m  [1m[34mSELECT  1 AS one FROM `users` WHERE `users`.`employee_number` = 603 LIMIT 1[0m
  [1m[36mUser Exists (0.9ms)[0m  [1m[34mSELECT  1 AS one FROM `users` WHERE `users`.`email` = 'greg.turner@varland.com' LIMIT 1[0m
  [1m[35mSQL (1.0ms)[0m  [1m[32mINSERT INTO `users` (`username`, `employee_number`, `first_name`, `last_name`, `initials`, `email`, `pin`, `created_at`, `updated_at`) VALUES ('gregt', 603, 'Greg', 'Turner', 'GT', 'greg.turner@varland.com', '7191', '2017-09-12 20:11:01', '2017-09-12 20:11:01')[0m
  [1m[35m (1.8ms)[0m  [1m[35mCOMMIT[0m
  [1m[35m (1.2ms)[0m  [1m[35mBEGIN[0m
  [1m[36mUser Exists (1.0ms)[0m  [1m[34mSELECT  1 AS one FROM `users` WHERE `users`.`username` = 'ted' LIMIT 1[0m
  [1m[36mUser Exists (0.9ms)[0m  [1m[34mSELECT  1 AS one FROM `users` WHERE `users`.`employee_number` = 622 LIMIT 1[0m
  [1m[36mUser Exists (0.9ms)[0m  [1m[34mSELECT  1 AS one FROM `users` WHERE `users`.`email` = 'ted.mckeehan@varland.com' LIMIT 1[0m
  [1m[35mSQL (1.0ms)[0m  [1m[32mINSERT INTO `users` (`username`, `employee_number`, `first_name`, `last_name`, `initials`, `email`, `pin`, `created_at`, `updated_at`) VALUES ('ted', 622, 'Ted', 'McKeehan', 'TMc', 'ted.mckeehan@varland.com', '7174', '2017-09-12 20:11:01', '2017-09-12 20:11:01')[0m
  [1m[35m (1.4ms)[0m  [1m[35mCOMMIT[0m
  [1m[35m (0.8ms)[0m  [1m[35mBEGIN[0m
  [1m[36mUser Exists (1.1ms)[0m  [1m[34mSELECT  1 AS one FROM `users` WHERE `users`.`username` = 'tony' LIMIT 1[0m
  [1m[36mUser Exists (0.9ms)[0m  [1m[34mSELECT  1 AS one FROM `users` WHERE `users`.`employee_number` = 626 LIMIT 1[0m
  [1m[36mUser Exists (1.3ms)[0m  [1m[34mSELECT  1 AS one FROM `users` WHERE `users`.`email` = 'tony.fuson@varland.com' LIMIT 1[0m
  [1m[35mSQL (1.1ms)[0m  [1m[32mINSERT INTO `users` (`username`, `employee_number`, `first_name`, `last_name`, `initials`, `email`, `pin`, `created_at`, `updated_at`) VALUES ('tony', 626, 'Tony', 'Fuson', 'TF', 'tony.fuson@varland.com', '0739', '2017-09-12 20:11:01', '2017-09-12 20:11:01')[0m
  [1m[35m (1.5ms)[0m  [1m[35mCOMMIT[0m
  [1m[35m (0.8ms)[0m  [1m[35mBEGIN[0m
  [1m[36mUser Exists (1.0ms)[0m  [1m[34mSELECT  1 AS one FROM `users` WHERE `users`.`username` = 'cap' LIMIT 1[0m
  [1m[36mUser Exists (1.0ms)[0m  [1m[34mSELECT  1 AS one FROM `users` WHERE `users`.`employee_number` = 628 LIMIT 1[0m
  [1m[36mUser Exists (2.9ms)[0m  [1m[34mSELECT  1 AS one FROM `users` WHERE `users`.`email` = 'gerald.cappelletti@varland.com' LIMIT 1[0m
  [1m[35mSQL (0.9ms)[0m  [1m[32mINSERT INTO `users` (`username`, `employee_number`, `first_name`, `last_name`, `initials`, `email`, `pin`, `created_at`, `updated_at`) VALUES ('cap', 628, 'Gerald', 'Cappelletti', 'GC', 'gerald.cappelletti@varland.com', '6804', '2017-09-12 20:11:01', '2017-09-12 20:11:01')[0m
  [1m[35m (1.4ms)[0m  [1m[35mCOMMIT[0m
  [1m[35m (1.0ms)[0m  [1m[35mBEGIN[0m
  [1m[36mUser Exists (1.1ms)[0m  [1m[34mSELECT  1 AS one FROM `users` WHERE `users`.`username` = 'terry' LIMIT 1[0m
  [1m[36mUser Exists (0.8ms)[0m  [1m[34mSELECT  1 AS one FROM `users` WHERE `users`.`employee_number` = 629 LIMIT 1[0m
  [1m[36mUser Exists (1.0ms)[0m  [1m[34mSELECT  1 AS one FROM `users` WHERE `users`.`email` = 'terry.marshall@varland.com' LIMIT 1[0m
  [1m[35mSQL (1.0ms)[0m  [1m[32mINSERT INTO `users` (`username`, `employee_number`, `first_name`, `last_name`, `initials`, `email`, `pin`, `created_at`, `updated_at`) VALUES ('terry', 629, 'Terry', 'Marshall', 'TM', 'terry.marshall@varland.com', '3053', '2017-09-12 20:11:01', '2017-09-12 20:11:01')[0m
  [1m[35m (2.1ms)[0m  [1m[35mCOMMIT[0m
  [1m[35m (1.1ms)[0m  [1m[35mBEGIN[0m
  [1m[36mUser Exists (1.1ms)[0m  [1m[34mSELECT  1 AS one FROM `users` WHERE `users`.`username` = 'mark' LIMIT 1[0m
  [1m[36mUser Exists (1.0ms)[0m  [1m[34mSELECT  1 AS one FROM `users` WHERE `users`.`employee_number` = 631 LIMIT 1[0m
  [1m[36mUser Exists (0.8ms)[0m  [1m[34mSELECT  1 AS one FROM `users` WHERE `users`.`email` = 'mark.hill@varland.com' LIMIT 1[0m
  [1m[35mSQL (1.5ms)[0m  [1m[32mINSERT INTO `users` (`username`, `employee_number`, `first_name`, `last_name`, `initials`, `email`, `pin`, `created_at`, `updated_at`) VALUES ('mark', 631, 'Mark', 'Hill', 'MH', 'mark.hill@varland.com', '2901', '2017-09-12 20:11:01', '2017-09-12 20:11:01')[0m
  [1m[35m (1.3ms)[0m  [1m[35mCOMMIT[0m
  [1m[35m (0.7ms)[0m  [1m[35mBEGIN[0m
  [1m[36mUser Exists (1.1ms)[0m  [1m[34mSELECT  1 AS one FROM `users` WHERE `users`.`username` = 'cliff' LIMIT 1[0m
  [1m[36mUser Exists (1.0ms)[0m  [1m[34mSELECT  1 AS one FROM `users` WHERE `users`.`employee_number` = 632 LIMIT 1[0m
  [1m[36mUser Exists (1.0ms)[0m  [1m[34mSELECT  1 AS one FROM `users` WHERE `users`.`email` = 'cliff.queen@varland.com' LIMIT 1[0m
  [1m[35mSQL (0.9ms)[0m  [1m[32mINSERT INTO `users` (`username`, `employee_number`, `first_name`, `last_name`, `initials`, `email`, `pin`, `created_at`, `updated_at`) VALUES ('cliff', 632, 'Cliff', 'Queen', 'CQ', 'cliff.queen@varland.com', '2409', '2017-09-12 20:11:01', '2017-09-12 20:11:01')[0m
  [1m[35m (1.3ms)[0m  [1m[35mCOMMIT[0m
  [1m[35m (0.7ms)[0m  [1m[35mBEGIN[0m
  [1m[36mUser Exists (0.8ms)[0m  [1m[34mSELECT  1 AS one FROM `users` WHERE `users`.`username` = 'robert' LIMIT 1[0m
  [1m[36mUser Exists (1.3ms)[0m  [1m[34mSELECT  1 AS one FROM `users` WHERE `users`.`employee_number` = 634 LIMIT 1[0m
  [1m[36mUser Exists (0.7ms)[0m  [1m[34mSELECT  1 AS one FROM `users` WHERE `users`.`email` = 'robert.beatty@varland.com' LIMIT 1[0m
  [1m[35mSQL (0.9ms)[0m  [1m[32mINSERT INTO `users` (`username`, `employee_number`, `first_name`, `last_name`, `initials`, `email`, `pin`, `created_at`, `updated_at`) VALUES ('robert', 634, 'Robert', 'Beatty', 'RB', 'robert.beatty@varland.com', '9613', '2017-09-12 20:11:01', '2017-09-12 20:11:01')[0m
  [1m[35m (1.1ms)[0m  [1m[35mCOMMIT[0m
  [1m[35m (0.7ms)[0m  [1m[35mBEGIN[0m
  [1m[36mUser Exists (0.8ms)[0m  [1m[34mSELECT  1 AS one FROM `users` WHERE `users`.`username` = 'brian' LIMIT 1[0m
  [1m[36mUser Exists (0.9ms)[0m  [1m[34mSELECT  1 AS one FROM `users` WHERE `users`.`employee_number` = 705 LIMIT 1[0m
  [1m[36mUser Exists (0.9ms)[0m  [1m[34mSELECT  1 AS one FROM `users` WHERE `users`.`email` = 'brian.mangold@varland.com' LIMIT 1[0m
  [1m[35mSQL (1.2ms)[0m  [1m[32mINSERT INTO `users` (`username`, `employee_number`, `first_name`, `last_name`, `initials`, `email`, `pin`, `created_at`, `updated_at`) VALUES ('brian', 705, 'Brian', 'Mangold', 'BM', 'brian.mangold@varland.com', '6131', '2017-09-12 20:11:01', '2017-09-12 20:11:01')[0m
  [1m[35m (1.3ms)[0m  [1m[35mCOMMIT[0m
  [1m[35m (2.4ms)[0m  [1m[35mBEGIN[0m
  [1m[36mUser Exists (1.1ms)[0m  [1m[34mSELECT  1 AS one FROM `users` WHERE `users`.`username` = 'rich' LIMIT 1[0m
  [1m[36mUser Exists (1.0ms)[0m  [1m[34mSELECT  1 AS one FROM `users` WHERE `users`.`employee_number` = 707 LIMIT 1[0m
  [1m[36mUser Exists (0.9ms)[0m  [1m[34mSELECT  1 AS one FROM `users` WHERE `users`.`email` = 'rich.branson@varland.com' LIMIT 1[0m
  [1m[35mSQL (1.1ms)[0m  [1m[32mINSERT INTO `users` (`username`, `employee_number`, `first_name`, `last_name`, `initials`, `email`, `pin`, `created_at`, `updated_at`) VALUES ('rich', 707, 'Rich', 'Branson', 'RB', 'rich.branson@varland.com', '4520', '2017-09-12 20:11:01', '2017-09-12 20:11:01')[0m
  [1m[35m (1.5ms)[0m  [1m[35mCOMMIT[0m
  [1m[35m (0.8ms)[0m  [1m[35mBEGIN[0m
  [1m[36mUser Exists (1.9ms)[0m  [1m[34mSELECT  1 AS one FROM `users` WHERE `users`.`username` = 'joel' LIMIT 1[0m
  [1m[36mUser Exists (0.9ms)[0m  [1m[34mSELECT  1 AS one FROM `users` WHERE `users`.`employee_number` = 708 LIMIT 1[0m
  [1m[36mUser Exists (0.8ms)[0m  [1m[34mSELECT  1 AS one FROM `users` WHERE `users`.`email` = 'joel.perrine@varland.com' LIMIT 1[0m
  [1m[35mSQL (1.0ms)[0m  [1m[32mINSERT INTO `users` (`username`, `employee_number`, `first_name`, `last_name`, `initials`, `email`, `pin`, `created_at`, `updated_at`) VALUES ('joel', 708, 'Joel', 'Perrine', 'JP', 'joel.perrine@varland.com', '0712', '2017-09-12 20:11:01', '2017-09-12 20:11:01')[0m
  [1m[35m (1.5ms)[0m  [1m[35mCOMMIT[0m
  [1m[35m (0.7ms)[0m  [1m[35mBEGIN[0m
  [1m[36mUser Exists (1.0ms)[0m  [1m[34mSELECT  1 AS one FROM `users` WHERE `users`.`username` = 'gail' LIMIT 1[0m
  [1m[36mUser Exists (0.9ms)[0m  [1m[34mSELECT  1 AS one FROM `users` WHERE `users`.`employee_number` = 811 LIMIT 1[0m
  [1m[36mUser Exists (1.0ms)[0m  [1m[34mSELECT  1 AS one FROM `users` WHERE `users`.`email` = 'gail.krauser@varland.com' LIMIT 1[0m
  [1m[35mSQL (1.2ms)[0m  [1m[32mINSERT INTO `users` (`username`, `employee_number`, `first_name`, `last_name`, `initials`, `email`, `pin`, `created_at`, `updated_at`) VALUES ('gail', 811, 'Gail', 'Krauser', 'GK', 'gail.krauser@varland.com', '0476', '2017-09-12 20:11:01', '2017-09-12 20:11:01')[0m
  [1m[35m (1.8ms)[0m  [1m[35mCOMMIT[0m
  [1m[35m (0.8ms)[0m  [1m[35mBEGIN[0m
  [1m[36mUser Exists (0.7ms)[0m  [1m[34mSELECT  1 AS one FROM `users` WHERE `users`.`username` = 'kelly' LIMIT 1[0m
  [1m[36mUser Exists (0.7ms)[0m  [1m[34mSELECT  1 AS one FROM `users` WHERE `users`.`employee_number` = 827 LIMIT 1[0m
  [1m[36mUser Exists (0.7ms)[0m  [1m[34mSELECT  1 AS one FROM `users` WHERE `users`.`email` = 'kelly.smith@varland.com' LIMIT 1[0m
  [1m[35mSQL (3.4ms)[0m  [1m[32mINSERT INTO `users` (`username`, `employee_number`, `first_name`, `last_name`, `initials`, `email`, `pin`, `created_at`, `updated_at`) VALUES ('kelly', 827, 'Kelly', 'Smith', 'KS', 'kelly.smith@varland.com', '2887', '2017-09-12 20:11:01', '2017-09-12 20:11:01')[0m
  [1m[35m (1.6ms)[0m  [1m[35mCOMMIT[0m
  [1m[35m (1.5ms)[0m  [1m[35mBEGIN[0m
  [1m[36mUser Exists (1.1ms)[0m  [1m[34mSELECT  1 AS one FROM `users` WHERE `users`.`username` = 'johnm' LIMIT 1[0m
  [1m[36mUser Exists (1.5ms)[0m  [1m[34mSELECT  1 AS one FROM `users` WHERE `users`.`employee_number` = 828 LIMIT 1[0m
  [1m[36mUser Exists (1.1ms)[0m  [1m[34mSELECT  1 AS one FROM `users` WHERE `users`.`email` = 'john.mcguire@varland.com' LIMIT 1[0m
  [1m[35mSQL (0.9ms)[0m  [1m[32mINSERT INTO `users` (`username`, `employee_number`, `first_name`, `last_name`, `initials`, `email`, `pin`, `created_at`, `updated_at`) VALUES ('johnm', 828, 'John', 'McGuire', 'JM', 'john.mcguire@varland.com', '4897', '2017-09-12 20:11:01', '2017-09-12 20:11:01')[0m
  [1m[35m (1.5ms)[0m  [1m[35mCOMMIT[0m
  [1m[35m (0.8ms)[0m  [1m[35mBEGIN[0m
  [1m[36mUser Exists (1.1ms)[0m  [1m[34mSELECT  1 AS one FROM `users` WHERE `users`.`username` = 'andrea' LIMIT 1[0m
  [1m[36mUser Exists (3.1ms)[0m  [1m[34mSELECT  1 AS one FROM `users` WHERE `users`.`employee_number` = 830 LIMIT 1[0m
  [1m[36mUser Exists (1.1ms)[0m  [1m[34mSELECT  1 AS one FROM `users` WHERE `users`.`email` = 'andrea.wilson@varland.com' LIMIT 1[0m
  [1m[35mSQL (1.0ms)[0m  [1m[32mINSERT INTO `users` (`username`, `employee_number`, `first_name`, `last_name`, `initials`, `email`, `pin`, `created_at`, `updated_at`) VALUES ('andrea', 830, 'Andrea', 'Wilson', 'AVW', 'andrea.wilson@varland.com', '1096', '2017-09-12 20:11:01', '2017-09-12 20:11:01')[0m
  [1m[35m (1.6ms)[0m  [1m[35mCOMMIT[0m
  [1m[35m (1.1ms)[0m  [1m[35mBEGIN[0m
  [1m[36mUser Exists (1.4ms)[0m  [1m[34mSELECT  1 AS one FROM `users` WHERE `users`.`username` = 'cherie' LIMIT 1[0m
  [1m[36mUser Exists (1.2ms)[0m  [1m[34mSELECT  1 AS one FROM `users` WHERE `users`.`employee_number` = 831 LIMIT 1[0m
  [1m[36mUser Exists (0.8ms)[0m  [1m[34mSELECT  1 AS one FROM `users` WHERE `users`.`email` = 'cherie.robben@varland.com' LIMIT 1[0m
  [1m[35mSQL (0.9ms)[0m  [1m[32mINSERT INTO `users` (`username`, `employee_number`, `first_name`, `last_name`, `initials`, `email`, `pin`, `created_at`, `updated_at`) VALUES ('cherie', 831, 'Cherie', 'Robben', 'CR', 'cherie.robben@varland.com', '5927', '2017-09-12 20:11:01', '2017-09-12 20:11:01')[0m
  [1m[35m (1.3ms)[0m  [1m[35mCOMMIT[0m
  [1m[35m (4.2ms)[0m  [1m[35mBEGIN[0m
  [1m[36mUser Exists (3.3ms)[0m  [1m[34mSELECT  1 AS one FROM `users` WHERE `users`.`username` = 'brendan' LIMIT 1[0m
  [1m[36mUser Exists (6.2ms)[0m  [1m[34mSELECT  1 AS one FROM `users` WHERE `users`.`employee_number` = 833 LIMIT 1[0m
  [1m[36mUser Exists (1.0ms)[0m  [1m[34mSELECT  1 AS one FROM `users` WHERE `users`.`email` = 'brendan.ryan@varland.com' LIMIT 1[0m
  [1m[35mSQL (1.0ms)[0m  [1m[32mINSERT INTO `users` (`username`, `employee_number`, `first_name`, `last_name`, `initials`, `email`, `pin`, `created_at`, `updated_at`) VALUES ('brendan', 833, 'Brendan', 'Ryan', 'BR', 'brendan.ryan@varland.com', '5714', '2017-09-12 20:11:01', '2017-09-12 20:11:01')[0m
  [1m[35m (1.8ms)[0m  [1m[35mCOMMIT[0m
  [1m[35m (0.9ms)[0m  [1m[35mBEGIN[0m
  [1m[36mUser Exists (0.7ms)[0m  [1m[34mSELECT  1 AS one FROM `users` WHERE `users`.`username` = 'ed' LIMIT 1[0m
  [1m[36mUser Exists (0.6ms)[0m  [1m[34mSELECT  1 AS one FROM `users` WHERE `users`.`employee_number` = 926 LIMIT 1[0m
  [1m[36mUser Exists (0.6ms)[0m  [1m[34mSELECT  1 AS one FROM `users` WHERE `users`.`email` = 'ed.christian@varland.com' LIMIT 1[0m
  [1m[35mSQL (0.8ms)[0m  [1m[32mINSERT INTO `users` (`username`, `employee_number`, `first_name`, `last_name`, `initials`, `email`, `pin`, `created_at`, `updated_at`) VALUES ('ed', 926, 'Ed', 'Christian', 'PEC', 'ed.christian@varland.com', '2364', '2017-09-12 20:11:01', '2017-09-12 20:11:01')[0m
  [1m[35m (1.2ms)[0m  [1m[35mCOMMIT[0m
  [1m[35m (0.7ms)[0m  [1m[35mBEGIN[0m
  [1m[36mUser Exists (0.7ms)[0m  [1m[34mSELECT  1 AS one FROM `users` WHERE `users`.`username` = 'kevin' LIMIT 1[0m
  [1m[36mUser Exists (0.7ms)[0m  [1m[34mSELECT  1 AS one FROM `users` WHERE `users`.`employee_number` = 928 LIMIT 1[0m
  [1m[36mUser Exists (0.6ms)[0m  [1m[34mSELECT  1 AS one FROM `users` WHERE `users`.`email` = 'kevin.marsh@varland.com' LIMIT 1[0m
  [1m[35mSQL (0.7ms)[0m  [1m[32mINSERT INTO `users` (`username`, `employee_number`, `first_name`, `last_name`, `initials`, `email`, `pin`, `created_at`, `updated_at`) VALUES ('kevin', 928, 'Kevin', 'Marsh', 'KM', 'kevin.marsh@varland.com', '2494', '2017-09-12 20:11:01', '2017-09-12 20:11:01')[0m
  [1m[35m (1.5ms)[0m  [1m[35mCOMMIT[0m
  [1m[35m (1.2ms)[0m  [1m[35mBEGIN[0m
  [1m[36mUser Exists (5.2ms)[0m  [1m[34mSELECT  1 AS one FROM `users` WHERE `users`.`username` = 'chip' LIMIT 1[0m
  [1m[36mUser Exists (0.6ms)[0m  [1m[34mSELECT  1 AS one FROM `users` WHERE `users`.`employee_number` = 935 LIMIT 1[0m
  [1m[36mUser Exists (0.6ms)[0m  [1m[34mSELECT  1 AS one FROM `users` WHERE `users`.`email` = 'art.mink@varland.com' LIMIT 1[0m
  [1m[35mSQL (0.7ms)[0m  [1m[32mINSERT INTO `users` (`username`, `employee_number`, `first_name`, `last_name`, `initials`, `email`, `pin`, `created_at`, `updated_at`) VALUES ('chip', 935, 'Art', 'Mink', 'AM', 'art.mink@varland.com', '7525', '2017-09-12 20:11:01', '2017-09-12 20:11:01')[0m
  [1m[35m (5.7ms)[0m  [1m[35mCOMMIT[0m
  [1m[35m (0.9ms)[0m  [1m[35mBEGIN[0m
  [1m[36mUser Exists (0.7ms)[0m  [1m[34mSELECT  1 AS one FROM `users` WHERE `users`.`username` = 'toby' LIMIT 1[0m
  [1m[36mUser Exists (0.7ms)[0m  [1m[34mSELECT  1 AS one FROM `users` WHERE `users`.`employee_number` = 937 LIMIT 1[0m
  [1m[36mUser Exists (0.8ms)[0m  [1m[34mSELECT  1 AS one FROM `users` WHERE `users`.`email` = 'toby.varland@varland.com' LIMIT 1[0m
  [1m[35mSQL (0.8ms)[0m  [1m[32mINSERT INTO `users` (`username`, `employee_number`, `first_name`, `last_name`, `initials`, `email`, `pin`, `created_at`, `updated_at`) VALUES ('toby', 937, 'Toby', 'Varland', 'TV', 'toby.varland@varland.com', '7301', '2017-09-12 20:11:01', '2017-09-12 20:11:01')[0m
  [1m[35m (1.2ms)[0m  [1m[35mCOMMIT[0m
  [1m[35m (0.6ms)[0m  [1m[35mBEGIN[0m
  [1m[36mUser Exists (0.7ms)[0m  [1m[34mSELECT  1 AS one FROM `users` WHERE `users`.`username` = 'ross' LIMIT 1[0m
  [1m[36mUser Exists (0.7ms)[0m  [1m[34mSELECT  1 AS one FROM `users` WHERE `users`.`employee_number` = 938 LIMIT 1[0m
  [1m[36mUser Exists (0.7ms)[0m  [1m[34mSELECT  1 AS one FROM `users` WHERE `users`.`email` = 'ross.varland@varland.com' LIMIT 1[0m
  [1m[35mSQL (0.8ms)[0m  [1m[32mINSERT INTO `users` (`username`, `employee_number`, `first_name`, `last_name`, `initials`, `email`, `pin`, `created_at`, `updated_at`) VALUES ('ross', 938, 'Ross', 'Varland', 'RV', 'ross.varland@varland.com', '2279', '2017-09-12 20:11:01', '2017-09-12 20:11:01')[0m
  [1m[35m (1.0ms)[0m  [1m[35mCOMMIT[0m
  [1m[35m (1.1ms)[0m  [1m[35mBEGIN[0m
  [1m[36mPermission Exists (1.1ms)[0m  [1m[34mSELECT  1 AS one FROM `permissions` WHERE `permissions`.`permission` = 'sysadmin' LIMIT 1[0m
  [1m[35mSQL (1.0ms)[0m  [1m[32mINSERT INTO `permissions` (`permission`, `description`) VALUES ('sysadmin', 'System Administration')[0m
  [1m[35m (1.3ms)[0m  [1m[35mCOMMIT[0m
  [1m[35m (0.7ms)[0m  [1m[35mBEGIN[0m
  [1m[36mPermission Exists (0.7ms)[0m  [1m[34mSELECT  1 AS one FROM `permissions` WHERE `permissions`.`permission` = 'employee_notes' LIMIT 1[0m
  [1m[35mSQL (0.7ms)[0m  [1m[32mINSERT INTO `permissions` (`permission`, `description`) VALUES ('employee_notes', 'Employee Notes Application')[0m
  [1m[35m (1.4ms)[0m  [1m[35mCOMMIT[0m
  [1m[35m (0.6ms)[0m  [1m[35mBEGIN[0m
  [1m[36mUser Load (0.9ms)[0m  [1m[34mSELECT  `users`.* FROM `users` WHERE `users`.`id` = 47 LIMIT 1[0m
  [1m[36mPermission Load (0.8ms)[0m  [1m[34mSELECT  `permissions`.* FROM `permissions` WHERE `permissions`.`id` = 1 LIMIT 1[0m
  [1m[36mPermission Exists (0.8ms)[0m  [1m[34mSELECT  1 AS one FROM `permissions` WHERE `permissions`.`permission` = 'sysadmin' AND (`permissions`.`id` != 1) LIMIT 1[0m
  [1m[36mUser Exists (0.8ms)[0m  [1m[34mSELECT  1 AS one FROM `users` WHERE `users`.`username` = 'toby' AND (`users`.`id` != 47) LIMIT 1[0m
  [1m[36mUser Exists (0.7ms)[0m  [1m[34mSELECT  1 AS one FROM `users` WHERE `users`.`employee_number` = 937 AND (`users`.`id` != 47) LIMIT 1[0m
  [1m[36mUser Exists (0.7ms)[0m  [1m[34mSELECT  1 AS one FROM `users` WHERE `users`.`email` = 'toby.varland@varland.com' AND (`users`.`id` != 47) LIMIT 1[0m
  [1m[36mAssignedPermission Exists (2.9ms)[0m  [1m[34mSELECT  1 AS one FROM `assigned_permissions` WHERE `assigned_permissions`.`user_id` = 47 AND `assigned_permissions`.`permission_id` = 1 LIMIT 1[0m
  [1m[35mSQL (1.0ms)[0m  [1m[32mINSERT INTO `assigned_permissions` (`user_id`, `permission_id`, `value`, `created_at`, `updated_at`) VALUES (47, 1, 3, '2017-09-12 20:11:01', '2017-09-12 20:11:01')[0m
  [1m[35m (1.5ms)[0m  [1m[35mCOMMIT[0m
  [1m[35m (0.7ms)[0m  [1m[35mBEGIN[0m
  [1m[36mUser Load (0.9ms)[0m  [1m[34mSELECT  `users`.* FROM `users` WHERE `users`.`id` = 40 LIMIT 1[0m
  [1m[36mPermission Load (0.7ms)[0m  [1m[34mSELECT  `permissions`.* FROM `permissions` WHERE `permissions`.`id` = 1 LIMIT 1[0m
  [1m[36mPermission Exists (0.8ms)[0m  [1m[34mSELECT  1 AS one FROM `permissions` WHERE `permissions`.`permission` = 'sysadmin' AND (`permissions`.`id` != 1) LIMIT 1[0m
  [1m[36mUser Exists (0.7ms)[0m  [1m[34mSELECT  1 AS one FROM `users` WHERE `users`.`username` = 'johnm' AND (`users`.`id` != 40) LIMIT 1[0m
  [1m[36mUser Exists (0.7ms)[0m  [1m[34mSELECT  1 AS one FROM `users` WHERE `users`.`employee_number` = 828 AND (`users`.`id` != 40) LIMIT 1[0m
  [1m[36mUser Exists (0.7ms)[0m  [1m[34mSELECT  1 AS one FROM `users` WHERE `users`.`email` = 'john.mcguire@varland.com' AND (`users`.`id` != 40) LIMIT 1[0m
  [1m[36mAssignedPermission Exists (0.7ms)[0m  [1m[34mSELECT  1 AS one FROM `assigned_permissions` WHERE `assigned_permissions`.`user_id` = 40 AND `assigned_permissions`.`permission_id` = 1 LIMIT 1[0m
  [1m[35mSQL (0.8ms)[0m  [1m[32mINSERT INTO `assigned_permissions` (`user_id`, `permission_id`, `value`, `created_at`, `updated_at`) VALUES (40, 1, 3, '2017-09-12 20:11:01', '2017-09-12 20:11:01')[0m
  [1m[35m (1.2ms)[0m  [1m[35mCOMMIT[0m
  [1m[35m (0.8ms)[0m  [1m[35mBEGIN[0m
  [1m[36mUser Load (0.8ms)[0m  [1m[34mSELECT  `users`.* FROM `users` WHERE `users`.`id` = 27 LIMIT 1[0m
  [1m[36mPermission Load (0.6ms)[0m  [1m[34mSELECT  `permissions`.* FROM `permissions` WHERE `permissions`.`id` = 2 LIMIT 1[0m
  [1m[36mPermission Exists (0.6ms)[0m  [1m[34mSELECT  1 AS one FROM `permissions` WHERE `permissions`.`permission` = 'employee_notes' AND (`permissions`.`id` != 2) LIMIT 1[0m
  [1m[36mUser Exists (0.7ms)[0m  [1m[34mSELECT  1 AS one FROM `users` WHERE `users`.`username` = 'gregt' AND (`users`.`id` != 27) LIMIT 1[0m
  [1m[36mUser Exists (0.8ms)[0m  [1m[34mSELECT  1 AS one FROM `users` WHERE `users`.`employee_number` = 603 AND (`users`.`id` != 27) LIMIT 1[0m
  [1m[36mUser Exists (1.1ms)[0m  [1m[34mSELECT  1 AS one FROM `users` WHERE `users`.`email` = 'greg.turner@varland.com' AND (`users`.`id` != 27) LIMIT 1[0m
  [1m[36mAssignedPermission Exists (0.9ms)[0m  [1m[34mSELECT  1 AS one FROM `assigned_permissions` WHERE `assigned_permissions`.`user_id` = 27 AND `assigned_permissions`.`permission_id` = 2 LIMIT 1[0m
  [1m[35mSQL (0.9ms)[0m  [1m[32mINSERT INTO `assigned_permissions` (`user_id`, `permission_id`, `value`, `created_at`, `updated_at`) VALUES (27, 2, 2, '2017-09-12 20:11:01', '2017-09-12 20:11:01')[0m
  [1m[35m (1.3ms)[0m  [1m[35mCOMMIT[0m
  [1m[35m (0.8ms)[0m  [1m[35mBEGIN[0m
  [1m[36mUser Load (0.9ms)[0m  [1m[34mSELECT  `users`.* FROM `users` WHERE `users`.`id` = 28 LIMIT 1[0m
  [1m[36mPermission Load (0.8ms)[0m  [1m[34mSELECT  `permissions`.* FROM `permissions` WHERE `permissions`.`id` = 2 LIMIT 1[0m
  [1m[36mPermission Exists (0.7ms)[0m  [1m[34mSELECT  1 AS one FROM `permissions` WHERE `permissions`.`permission` = 'employee_notes' AND (`permissions`.`id` != 2) LIMIT 1[0m
  [1m[36mUser Exists (0.7ms)[0m  [1m[34mSELECT  1 AS one FROM `users` WHERE `users`.`username` = 'ted' AND (`users`.`id` != 28) LIMIT 1[0m
  [1m[36mUser Exists (0.8ms)[0m  [1m[34mSELECT  1 AS one FROM `users` WHERE `users`.`employee_number` = 622 AND (`users`.`id` != 28) LIMIT 1[0m
  [1m[36mUser Exists (0.8ms)[0m  [1m[34mSELECT  1 AS one FROM `users` WHERE `users`.`email` = 'ted.mckeehan@varland.com' AND (`users`.`id` != 28) LIMIT 1[0m
  [1m[36mAssignedPermission Exists (0.8ms)[0m  [1m[34mSELECT  1 AS one FROM `assigned_permissions` WHERE `assigned_permissions`.`user_id` = 28 AND `assigned_permissions`.`permission_id` = 2 LIMIT 1[0m
  [1m[35mSQL (0.8ms)[0m  [1m[32mINSERT INTO `assigned_permissions` (`user_id`, `permission_id`, `value`, `created_at`, `updated_at`) VALUES (28, 2, 2, '2017-09-12 20:11:01', '2017-09-12 20:11:01')[0m
  [1m[35m (1.3ms)[0m  [1m[35mCOMMIT[0m
  [1m[35m (2.6ms)[0m  [1m[35mBEGIN[0m
  [1m[36mUser Load (0.8ms)[0m  [1m[34mSELECT  `users`.* FROM `users` WHERE `users`.`id` = 29 LIMIT 1[0m
  [1m[36mPermission Load (0.8ms)[0m  [1m[34mSELECT  `permissions`.* FROM `permissions` WHERE `permissions`.`id` = 2 LIMIT 1[0m
  [1m[36mPermission Exists (0.7ms)[0m  [1m[34mSELECT  1 AS one FROM `permissions` WHERE `permissions`.`permission` = 'employee_notes' AND (`permissions`.`id` != 2) LIMIT 1[0m
  [1m[36mUser Exists (0.8ms)[0m  [1m[34mSELECT  1 AS one FROM `users` WHERE `users`.`username` = 'tony' AND (`users`.`id` != 29) LIMIT 1[0m
  [1m[36mUser Exists (0.6ms)[0m  [1m[34mSELECT  1 AS one FROM `users` WHERE `users`.`employee_number` = 626 AND (`users`.`id` != 29) LIMIT 1[0m
  [1m[36mUser Exists (0.7ms)[0m  [1m[34mSELECT  1 AS one FROM `users` WHERE `users`.`email` = 'tony.fuson@varland.com' AND (`users`.`id` != 29) LIMIT 1[0m
  [1m[36mAssignedPermission Exists (0.7ms)[0m  [1m[34mSELECT  1 AS one FROM `assigned_permissions` WHERE `assigned_permissions`.`user_id` = 29 AND `assigned_permissions`.`permission_id` = 2 LIMIT 1[0m
  [1m[35mSQL (0.7ms)[0m  [1m[32mINSERT INTO `assigned_permissions` (`user_id`, `permission_id`, `value`, `created_at`, `updated_at`) VALUES (29, 2, 2, '2017-09-12 20:11:01', '2017-09-12 20:11:01')[0m
  [1m[35m (1.4ms)[0m  [1m[35mCOMMIT[0m
  [1m[35m (0.7ms)[0m  [1m[35mBEGIN[0m
  [1m[36mUser Load (0.7ms)[0m  [1m[34mSELECT  `users`.* FROM `users` WHERE `users`.`id` = 30 LIMIT 1[0m
  [1m[36mPermission Load (0.7ms)[0m  [1m[34mSELECT  `permissions`.* FROM `permissions` WHERE `permissions`.`id` = 2 LIMIT 1[0m
  [1m[36mPermission Exists (0.7ms)[0m  [1m[34mSELECT  1 AS one FROM `permissions` WHERE `permissions`.`permission` = 'employee_notes' AND (`permissions`.`id` != 2) LIMIT 1[0m
  [1m[36mUser Exists (0.7ms)[0m  [1m[34mSELECT  1 AS one FROM `users` WHERE `users`.`username` = 'cap' AND (`users`.`id` != 30) LIMIT 1[0m
  [1m[36mUser Exists (0.7ms)[0m  [1m[34mSELECT  1 AS one FROM `users` WHERE `users`.`employee_number` = 628 AND (`users`.`id` != 30) LIMIT 1[0m
  [1m[36mUser Exists (0.7ms)[0m  [1m[34mSELECT  1 AS one FROM `users` WHERE `users`.`email` = 'gerald.cappelletti@varland.com' AND (`users`.`id` != 30) LIMIT 1[0m
  [1m[36mAssignedPermission Exists (0.7ms)[0m  [1m[34mSELECT  1 AS one FROM `assigned_permissions` WHERE `assigned_permissions`.`user_id` = 30 AND `assigned_permissions`.`permission_id` = 2 LIMIT 1[0m
  [1m[35mSQL (0.7ms)[0m  [1m[32mINSERT INTO `assigned_permissions` (`user_id`, `permission_id`, `value`, `created_at`, `updated_at`) VALUES (30, 2, 2, '2017-09-12 20:11:01', '2017-09-12 20:11:01')[0m
  [1m[35m (1.0ms)[0m  [1m[35mCOMMIT[0m
  [1m[35m (0.8ms)[0m  [1m[35mBEGIN[0m
  [1m[36mUser Load (0.7ms)[0m  [1m[34mSELECT  `users`.* FROM `users` WHERE `users`.`id` = 32 LIMIT 1[0m
  [1m[36mPermission Load (0.7ms)[0m  [1m[34mSELECT  `permissions`.* FROM `permissions` WHERE `permissions`.`id` = 2 LIMIT 1[0m
  [1m[36mPermission Exists (0.7ms)[0m  [1m[34mSELECT  1 AS one FROM `permissions` WHERE `permissions`.`permission` = 'employee_notes' AND (`permissions`.`id` != 2) LIMIT 1[0m
  [1m[36mUser Exists (0.6ms)[0m  [1m[34mSELECT  1 AS one FROM `users` WHERE `users`.`username` = 'mark' AND (`users`.`id` != 32) LIMIT 1[0m
  [1m[36mUser Exists (0.6ms)[0m  [1m[34mSELECT  1 AS one FROM `users` WHERE `users`.`employee_number` = 631 AND (`users`.`id` != 32) LIMIT 1[0m
  [1m[36mUser Exists (0.6ms)[0m  [1m[34mSELECT  1 AS one FROM `users` WHERE `users`.`email` = 'mark.hill@varland.com' AND (`users`.`id` != 32) LIMIT 1[0m
  [1m[36mAssignedPermission Exists (0.6ms)[0m  [1m[34mSELECT  1 AS one FROM `assigned_permissions` WHERE `assigned_permissions`.`user_id` = 32 AND `assigned_permissions`.`permission_id` = 2 LIMIT 1[0m
  [1m[35mSQL (0.6ms)[0m  [1m[32mINSERT INTO `assigned_permissions` (`user_id`, `permission_id`, `value`, `created_at`, `updated_at`) VALUES (32, 2, 2, '2017-09-12 20:11:01', '2017-09-12 20:11:01')[0m
  [1m[35m (1.0ms)[0m  [1m[35mCOMMIT[0m
  [1m[35m (0.7ms)[0m  [1m[35mBEGIN[0m
  [1m[36mUser Load (0.7ms)[0m  [1m[34mSELECT  `users`.* FROM `users` WHERE `users`.`id` = 33 LIMIT 1[0m
  [1m[36mPermission Load (2.8ms)[0m  [1m[34mSELECT  `permissions`.* FROM `permissions` WHERE `permissions`.`id` = 2 LIMIT 1[0m
  [1m[36mPermission Exists (0.7ms)[0m  [1m[34mSELECT  1 AS one FROM `permissions` WHERE `permissions`.`permission` = 'employee_notes' AND (`permissions`.`id` != 2) LIMIT 1[0m
  [1m[36mUser Exists (0.7ms)[0m  [1m[34mSELECT  1 AS one FROM `users` WHERE `users`.`username` = 'cliff' AND (`users`.`id` != 33) LIMIT 1[0m
  [1m[36mUser Exists (0.7ms)[0m  [1m[34mSELECT  1 AS one FROM `users` WHERE `users`.`employee_number` = 632 AND (`users`.`id` != 33) LIMIT 1[0m
  [1m[36mUser Exists (0.9ms)[0m  [1m[34mSELECT  1 AS one FROM `users` WHERE `users`.`email` = 'cliff.queen@varland.com' AND (`users`.`id` != 33) LIMIT 1[0m
  [1m[36mAssignedPermission Exists (0.9ms)[0m  [1m[34mSELECT  1 AS one FROM `assigned_permissions` WHERE `assigned_permissions`.`user_id` = 33 AND `assigned_permissions`.`permission_id` = 2 LIMIT 1[0m
  [1m[35mSQL (0.7ms)[0m  [1m[32mINSERT INTO `assigned_permissions` (`user_id`, `permission_id`, `value`, `created_at`, `updated_at`) VALUES (33, 2, 2, '2017-09-12 20:11:01', '2017-09-12 20:11:01')[0m
  [1m[35m (1.3ms)[0m  [1m[35mCOMMIT[0m
  [1m[35m (0.8ms)[0m  [1m[35mBEGIN[0m
  [1m[36mUser Load (0.7ms)[0m  [1m[34mSELECT  `users`.* FROM `users` WHERE `users`.`id` = 35 LIMIT 1[0m
  [1m[36mPermission Load (0.7ms)[0m  [1m[34mSELECT  `permissions`.* FROM `permissions` WHERE `permissions`.`id` = 2 LIMIT 1[0m
  [1m[36mPermission Exists (0.7ms)[0m  [1m[34mSELECT  1 AS one FROM `permissions` WHERE `permissions`.`permission` = 'employee_notes' AND (`permissions`.`id` != 2) LIMIT 1[0m
  [1m[36mUser Exists (0.6ms)[0m  [1m[34mSELECT  1 AS one FROM `users` WHERE `users`.`username` = 'brian' AND (`users`.`id` != 35) LIMIT 1[0m
  [1m[36mUser Exists (0.7ms)[0m  [1m[34mSELECT  1 AS one FROM `users` WHERE `users`.`employee_number` = 705 AND (`users`.`id` != 35) LIMIT 1[0m
  [1m[36mUser Exists (0.7ms)[0m  [1m[34mSELECT  1 AS one FROM `users` WHERE `users`.`email` = 'brian.mangold@varland.com' AND (`users`.`id` != 35) LIMIT 1[0m
  [1m[36mAssignedPermission Exists (0.7ms)[0m  [1m[34mSELECT  1 AS one FROM `assigned_permissions` WHERE `assigned_permissions`.`user_id` = 35 AND `assigned_permissions`.`permission_id` = 2 LIMIT 1[0m
  [1m[35mSQL (0.7ms)[0m  [1m[32mINSERT INTO `assigned_permissions` (`user_id`, `permission_id`, `value`, `created_at`, `updated_at`) VALUES (35, 2, 3, '2017-09-12 20:11:01', '2017-09-12 20:11:01')[0m
  [1m[35m (1.2ms)[0m  [1m[35mCOMMIT[0m
  [1m[35m (0.6ms)[0m  [1m[35mBEGIN[0m
  [1m[36mUser Load (0.8ms)[0m  [1m[34mSELECT  `users`.* FROM `users` WHERE `users`.`id` = 36 LIMIT 1[0m
  [1m[36mPermission Load (0.6ms)[0m  [1m[34mSELECT  `permissions`.* FROM `permissions` WHERE `permissions`.`id` = 2 LIMIT 1[0m
  [1m[36mPermission Exists (0.7ms)[0m  [1m[34mSELECT  1 AS one FROM `permissions` WHERE `permissions`.`permission` = 'employee_notes' AND (`permissions`.`id` != 2) LIMIT 1[0m
  [1m[36mUser Exists (0.6ms)[0m  [1m[34mSELECT  1 AS one FROM `users` WHERE `users`.`username` = 'rich' AND (`users`.`id` != 36) LIMIT 1[0m
  [1m[36mUser Exists (0.7ms)[0m  [1m[34mSELECT  1 AS one FROM `users` WHERE `users`.`employee_number` = 707 AND (`users`.`id` != 36) LIMIT 1[0m
  [1m[36mUser Exists (0.6ms)[0m  [1m[34mSELECT  1 AS one FROM `users` WHERE `users`.`email` = 'rich.branson@varland.com' AND (`users`.`id` != 36) LIMIT 1[0m
  [1m[36mAssignedPermission Exists (0.7ms)[0m  [1m[34mSELECT  1 AS one FROM `assigned_permissions` WHERE `assigned_permissions`.`user_id` = 36 AND `assigned_permissions`.`permission_id` = 2 LIMIT 1[0m
  [1m[35mSQL (0.7ms)[0m  [1m[32mINSERT INTO `assigned_permissions` (`user_id`, `permission_id`, `value`, `created_at`, `updated_at`) VALUES (36, 2, 3, '2017-09-12 20:11:01', '2017-09-12 20:11:01')[0m
  [1m[35m (1.2ms)[0m  [1m[35mCOMMIT[0m
  [1m[35m (0.7ms)[0m  [1m[35mBEGIN[0m
  [1m[36mUser Load (0.8ms)[0m  [1m[34mSELECT  `users`.* FROM `users` WHERE `users`.`id` = 37 LIMIT 1[0m
  [1m[36mPermission Load (0.7ms)[0m  [1m[34mSELECT  `permissions`.* FROM `permissions` WHERE `permissions`.`id` = 2 LIMIT 1[0m
  [1m[36mPermission Exists (0.7ms)[0m  [1m[34mSELECT  1 AS one FROM `permissions` WHERE `permissions`.`permission` = 'employee_notes' AND (`permissions`.`id` != 2) LIMIT 1[0m
  [1m[36mUser Exists (0.6ms)[0m  [1m[34mSELECT  1 AS one FROM `users` WHERE `users`.`username` = 'joel' AND (`users`.`id` != 37) LIMIT 1[0m
  [1m[36mUser Exists (2.8ms)[0m  [1m[34mSELECT  1 AS one FROM `users` WHERE `users`.`employee_number` = 708 AND (`users`.`id` != 37) LIMIT 1[0m
  [1m[36mUser Exists (0.8ms)[0m  [1m[34mSELECT  1 AS one FROM `users` WHERE `users`.`email` = 'joel.perrine@varland.com' AND (`users`.`id` != 37) LIMIT 1[0m
  [1m[36mAssignedPermission Exists (0.8ms)[0m  [1m[34mSELECT  1 AS one FROM `assigned_permissions` WHERE `assigned_permissions`.`user_id` = 37 AND `assigned_permissions`.`permission_id` = 2 LIMIT 1[0m
  [1m[35mSQL (0.7ms)[0m  [1m[32mINSERT INTO `assigned_permissions` (`user_id`, `permission_id`, `value`, `created_at`, `updated_at`) VALUES (37, 2, 3, '2017-09-12 20:11:01', '2017-09-12 20:11:01')[0m
  [1m[35m (1.3ms)[0m  [1m[35mCOMMIT[0m
  [1m[35m (0.6ms)[0m  [1m[35mBEGIN[0m
  [1m[36mUser Load (0.8ms)[0m  [1m[34mSELECT  `users`.* FROM `users` WHERE `users`.`id` = 40 LIMIT 1[0m
  [1m[36mPermission Load (0.7ms)[0m  [1m[34mSELECT  `permissions`.* FROM `permissions` WHERE `permissions`.`id` = 2 LIMIT 1[0m
  [1m[36mPermission Exists (0.7ms)[0m  [1m[34mSELECT  1 AS one FROM `permissions` WHERE `permissions`.`permission` = 'employee_notes' AND (`permissions`.`id` != 2) LIMIT 1[0m
  [1m[36mUser Exists (0.7ms)[0m  [1m[34mSELECT  1 AS one FROM `users` WHERE `users`.`username` = 'johnm' AND (`users`.`id` != 40) LIMIT 1[0m
  [1m[36mUser Exists (0.7ms)[0m  [1m[34mSELECT  1 AS one FROM `users` WHERE `users`.`employee_number` = 828 AND (`users`.`id` != 40) LIMIT 1[0m
  [1m[36mUser Exists (0.6ms)[0m  [1m[34mSELECT  1 AS one FROM `users` WHERE `users`.`email` = 'john.mcguire@varland.com' AND (`users`.`id` != 40) LIMIT 1[0m
  [1m[36mAssignedPermission Exists (0.7ms)[0m  [1m[34mSELECT  1 AS one FROM `assigned_permissions` WHERE `assigned_permissions`.`user_id` = 40 AND `assigned_permissions`.`permission_id` = 2 LIMIT 1[0m
  [1m[35mSQL (0.7ms)[0m  [1m[32mINSERT INTO `assigned_permissions` (`user_id`, `permission_id`, `value`, `created_at`, `updated_at`) VALUES (40, 2, 2, '2017-09-12 20:11:01', '2017-09-12 20:11:01')[0m
  [1m[35m (1.7ms)[0m  [1m[35mCOMMIT[0m
  [1m[35m (0.5ms)[0m  [1m[35mBEGIN[0m
  [1m[36mUser Load (0.7ms)[0m  [1m[34mSELECT  `users`.* FROM `users` WHERE `users`.`id` = 44 LIMIT 1[0m
  [1m[36mPermission Load (0.7ms)[0m  [1m[34mSELECT  `permissions`.* FROM `permissions` WHERE `permissions`.`id` = 2 LIMIT 1[0m
  [1m[36mPermission Exists (0.7ms)[0m  [1m[34mSELECT  1 AS one FROM `permissions` WHERE `permissions`.`permission` = 'employee_notes' AND (`permissions`.`id` != 2) LIMIT 1[0m
  [1m[36mUser Exists (0.6ms)[0m  [1m[34mSELECT  1 AS one FROM `users` WHERE `users`.`username` = 'ed' AND (`users`.`id` != 44) LIMIT 1[0m
  [1m[36mUser Exists (0.7ms)[0m  [1m[34mSELECT  1 AS one FROM `users` WHERE `users`.`employee_number` = 926 AND (`users`.`id` != 44) LIMIT 1[0m
  [1m[36mUser Exists (0.7ms)[0m  [1m[34mSELECT  1 AS one FROM `users` WHERE `users`.`email` = 'ed.christian@varland.com' AND (`users`.`id` != 44) LIMIT 1[0m
  [1m[36mAssignedPermission Exists (0.7ms)[0m  [1m[34mSELECT  1 AS one FROM `assigned_permissions` WHERE `assigned_permissions`.`user_id` = 44 AND `assigned_permissions`.`permission_id` = 2 LIMIT 1[0m
  [1m[35mSQL (0.7ms)[0m  [1m[32mINSERT INTO `assigned_permissions` (`user_id`, `permission_id`, `value`, `created_at`, `updated_at`) VALUES (44, 2, 2, '2017-09-12 20:11:01', '2017-09-12 20:11:01')[0m
  [1m[35m (1.2ms)[0m  [1m[35mCOMMIT[0m
  [1m[35m (0.7ms)[0m  [1m[35mBEGIN[0m
  [1m[36mUser Load (0.7ms)[0m  [1m[34mSELECT  `users`.* FROM `users` WHERE `users`.`id` = 43 LIMIT 1[0m
  [1m[36mPermission Load (0.6ms)[0m  [1m[34mSELECT  `permissions`.* FROM `permissions` WHERE `permissions`.`id` = 2 LIMIT 1[0m
  [1m[36mPermission Exists (0.7ms)[0m  [1m[34mSELECT  1 AS one FROM `permissions` WHERE `permissions`.`permission` = 'employee_notes' AND (`permissions`.`id` != 2) LIMIT 1[0m
  [1m[36mUser Exists (0.7ms)[0m  [1m[34mSELECT  1 AS one FROM `users` WHERE `users`.`username` = 'brendan' AND (`users`.`id` != 43) LIMIT 1[0m
  [1m[36mUser Exists (0.8ms)[0m  [1m[34mSELECT  1 AS one FROM `users` WHERE `users`.`employee_number` = 833 AND (`users`.`id` != 43) LIMIT 1[0m
  [1m[36mUser Exists (0.7ms)[0m  [1m[34mSELECT  1 AS one FROM `users` WHERE `users`.`email` = 'brendan.ryan@varland.com' AND (`users`.`id` != 43) LIMIT 1[0m
  [1m[36mAssignedPermission Exists (2.9ms)[0m  [1m[34mSELECT  1 AS one FROM `assigned_permissions` WHERE `assigned_permissions`.`user_id` = 43 AND `assigned_permissions`.`permission_id` = 2 LIMIT 1[0m
  [1m[35mSQL (1.0ms)[0m  [1m[32mINSERT INTO `assigned_permissions` (`user_id`, `permission_id`, `value`, `created_at`, `updated_at`) VALUES (43, 2, 3, '2017-09-12 20:11:01', '2017-09-12 20:11:01')[0m
  [1m[35m (1.2ms)[0m  [1m[35mCOMMIT[0m
  [1m[35m (0.5ms)[0m  [1m[35mBEGIN[0m
  [1m[36mUser Load (1.0ms)[0m  [1m[34mSELECT  `users`.* FROM `users` WHERE `users`.`id` = 48 LIMIT 1[0m
  [1m[36mPermission Load (0.7ms)[0m  [1m[34mSELECT  `permissions`.* FROM `permissions` WHERE `permissions`.`id` = 2 LIMIT 1[0m
  [1m[36mPermission Exists (0.7ms)[0m  [1m[34mSELECT  1 AS one FROM `permissions` WHERE `permissions`.`permission` = 'employee_notes' AND (`permissions`.`id` != 2) LIMIT 1[0m
  [1m[36mUser Exists (0.7ms)[0m  [1m[34mSELECT  1 AS one FROM `users` WHERE `users`.`username` = 'ross' AND (`users`.`id` != 48) LIMIT 1[0m
  [1m[36mUser Exists (0.7ms)[0m  [1m[34mSELECT  1 AS one FROM `users` WHERE `users`.`employee_number` = 938 AND (`users`.`id` != 48) LIMIT 1[0m
  [1m[36mUser Exists (0.7ms)[0m  [1m[34mSELECT  1 AS one FROM `users` WHERE `users`.`email` = 'ross.varland@varland.com' AND (`users`.`id` != 48) LIMIT 1[0m
  [1m[36mAssignedPermission Exists (4.0ms)[0m  [1m[34mSELECT  1 AS one FROM `assigned_permissions` WHERE `assigned_permissions`.`user_id` = 48 AND `assigned_permissions`.`permission_id` = 2 LIMIT 1[0m
  [1m[35mSQL (4.6ms)[0m  [1m[32mINSERT INTO `assigned_permissions` (`user_id`, `permission_id`, `value`, `created_at`, `updated_at`) VALUES (48, 2, 3, '2017-09-12 20:11:01', '2017-09-12 20:11:01')[0m
  [1m[35m (4.6ms)[0m  [1m[35mCOMMIT[0m
Started GET "/" for 127.0.0.1 at 2017-09-12 16:11:22 -0400
  [1m[35m (1.7ms)[0m  [1m[35mSET NAMES utf8,  @@SESSION.sql_mode = CONCAT(CONCAT(@@sql_mode, ',STRICT_ALL_TABLES'), ',NO_AUTO_VALUE_ON_ZERO'),  @@SESSION.sql_auto_is_null = 0, @@SESSION.wait_timeout = 2147483[0m
  [1m[35m (1.1ms)[0m  [1m[34mSELECT `schema_migrations`.`version` FROM `schema_migrations` ORDER BY `schema_migrations`.`version` ASC[0m
  
ActionController::RoutingError (uninitialized constant VcmsController):
  
activesupport (5.1.3) lib/active_support/inflector/methods.rb:269:in `const_get'
activesupport (5.1.3) lib/active_support/inflector/methods.rb:269:in `block in constantize'
activesupport (5.1.3) lib/active_support/inflector/methods.rb:267:in `each'
activesupport (5.1.3) lib/active_support/inflector/methods.rb:267:in `inject'
activesupport (5.1.3) lib/active_support/inflector/methods.rb:267:in `constantize'
actionpack (5.1.3) lib/action_dispatch/http/request.rb:82:in `controller_class'
actionpack (5.1.3) lib/action_dispatch/routing/route_set.rb:43:in `controller'
actionpack (5.1.3) lib/action_dispatch/routing/route_set.rb:29:in `serve'
actionpack (5.1.3) lib/action_dispatch/journey/router.rb:46:in `block in serve'
actionpack (5.1.3) lib/action_dispatch/journey/router.rb:33:in `each'
actionpack (5.1.3) lib/action_dispatch/journey/router.rb:33:in `serve'
actionpack (5.1.3) lib/action_dispatch/routing/route_set.rb:834:in `call'
rack (2.0.3) lib/rack/etag.rb:25:in `call'
rack (2.0.3) lib/rack/conditional_get.rb:25:in `call'
rack (2.0.3) lib/rack/head.rb:12:in `call'
rack (2.0.3) lib/rack/session/abstract/id.rb:232:in `context'
rack (2.0.3) lib/rack/session/abstract/id.rb:226:in `call'
actionpack (5.1.3) lib/action_dispatch/middleware/cookies.rb:613:in `call'
activerecord (5.1.3) lib/active_record/migration.rb:556:in `call'
actionpack (5.1.3) lib/action_dispatch/middleware/callbacks.rb:26:in `block in call'
activesupport (5.1.3) lib/active_support/callbacks.rb:97:in `run_callbacks'
actionpack (5.1.3) lib/action_dispatch/middleware/callbacks.rb:24:in `call'
actionpack (5.1.3) lib/action_dispatch/middleware/executor.rb:12:in `call'
actionpack (5.1.3) lib/action_dispatch/middleware/debug_exceptions.rb:59:in `call'
web-console (3.5.1) lib/web_console/middleware.rb:135:in `call_app'
web-console (3.5.1) lib/web_console/middleware.rb:28:in `block in call'
web-console (3.5.1) lib/web_console/middleware.rb:18:in `catch'
web-console (3.5.1) lib/web_console/middleware.rb:18:in `call'
actionpack (5.1.3) lib/action_dispatch/middleware/show_exceptions.rb:31:in `call'
railties (5.1.3) lib/rails/rack/logger.rb:36:in `call_app'
railties (5.1.3) lib/rails/rack/logger.rb:24:in `block in call'
activesupport (5.1.3) lib/active_support/tagged_logging.rb:69:in `block in tagged'
activesupport (5.1.3) lib/active_support/tagged_logging.rb:26:in `tagged'
activesupport (5.1.3) lib/active_support/tagged_logging.rb:69:in `tagged'
railties (5.1.3) lib/rails/rack/logger.rb:24:in `call'
sprockets-rails (3.2.1) lib/sprockets/rails/quiet_assets.rb:13:in `call'
actionpack (5.1.3) lib/action_dispatch/middleware/remote_ip.rb:79:in `call'
actionpack (5.1.3) lib/action_dispatch/middleware/request_id.rb:25:in `call'
rack (2.0.3) lib/rack/method_override.rb:22:in `call'
rack (2.0.3) lib/rack/runtime.rb:22:in `call'
activesupport (5.1.3) lib/active_support/cache/strategy/local_cache_middleware.rb:27:in `call'
actionpack (5.1.3) lib/action_dispatch/middleware/executor.rb:12:in `call'
actionpack (5.1.3) lib/action_dispatch/middleware/static.rb:125:in `call'
rack (2.0.3) lib/rack/sendfile.rb:111:in `call'
railties (5.1.3) lib/rails/engine.rb:522:in `call'
puma (3.10.0) lib/puma/configuration.rb:225:in `call'
puma (3.10.0) lib/puma/server.rb:605:in `handle_request'
puma (3.10.0) lib/puma/server.rb:437:in `process_client'
puma (3.10.0) lib/puma/server.rb:301:in `block in run'
puma (3.10.0) lib/puma/thread_pool.rb:120:in `block in spawn_thread'
Started GET "/" for 127.0.0.1 at 2017-09-12 16:16:24 -0400
  [1m[35m (1.0ms)[0m  [1m[35mSET NAMES utf8,  @@SESSION.sql_mode = CONCAT(CONCAT(@@sql_mode, ',STRICT_ALL_TABLES'), ',NO_AUTO_VALUE_ON_ZERO'),  @@SESSION.sql_auto_is_null = 0, @@SESSION.wait_timeout = 2147483[0m
  
ActionController::RoutingError (undefined method `skip_before_filter' for VcmsController:Class
Did you mean?  skip_before_action):
  
app/controllers/vcms_controller.rb:3:in `<class:VcmsController>'
app/controllers/vcms_controller.rb:1:in `<top (required)>'
Started GET "/" for 127.0.0.1 at 2017-09-12 16:21:28 -0400
Processing by VcmsController#home as HTML
  Rendering vcms/home.html.erb within layouts/application
  Rendered vcms/home.html.erb within layouts/application (0.4ms)
Completed 500 Internal Server Error in 189ms (ActiveRecord: 0.0ms)


  
ActionView::Template::Error (couldn't find file 'jquery' with type 'application/javascript'
Checked in these paths: 
  /home/brendan/Projects/VCMS-on-Rails-5/app/assets/config
  /home/brendan/Projects/VCMS-on-Rails-5/app/assets/images
  /home/brendan/Projects/VCMS-on-Rails-5/app/assets/javascripts
  /home/brendan/Projects/VCMS-on-Rails-5/app/assets/stylesheets
  /home/brendan/.rbenv/versions/2.4.1/lib/ruby/gems/2.4.0/gems/cocoon-1.2.6/app/assets/javascripts
  /home/brendan/.rbenv/versions/2.4.1/lib/ruby/gems/2.4.0/gems/coffee-rails-4.2.2/lib/assets/javascripts
  /home/brendan/.rbenv/versions/2.4.1/lib/ruby/gems/2.4.0/gems/actioncable-5.1.3/lib/assets/compiled
  /home/brendan/.rbenv/versions/2.4.1/lib/ruby/gems/2.4.0/gems/actionview-5.1.3/lib/assets/compiled
  /home/brendan/.rbenv/versions/2.4.1/lib/ruby/gems/2.4.0/gems/turbolinks-source-5.0.3/lib/assets/javascripts
  /home/brendan/Projects/VCMS-on-Rails-5/node_modules
  /home/brendan/.rbenv/versions/2.4.1/lib/ruby/gems/2.4.0/gems/bootstrap-sass-3.2.0.0/assets/stylesheets
  /home/brendan/.rbenv/versions/2.4.1/lib/ruby/gems/2.4.0/gems/bootstrap-sass-3.2.0.0/assets/javascripts
  /home/brendan/.rbenv/versions/2.4.1/lib/ruby/gems/2.4.0/gems/bootstrap-sass-3.2.0.0/assets/fonts
  /home/brendan/.rbenv/versions/2.4.1/lib/ruby/gems/2.4.0/gems/bootstrap-sass-3.2.0.0/assets/images):
     6:     <title><%= full_title(yield(:title)) %></title>
     7:     <%= csrf_meta_tags %>
     8: 
     9:     <%= stylesheet_link_tag    'application', media: 'all', 'data-turbolinks-track': 'reload' %>
    10:     <%= javascript_include_tag 'application', 'data-turbolinks-track': 'reload' %>
    11: 
    12:     <meta charset="utf-8">
  
app/assets/javascripts/application.js:15
app/views/layouts/application.html.erb:9:in `_app_views_layouts_application_html_erb___1565843451813165711_70096618351540'
Started GET "/" for 127.0.0.1 at 2017-09-12 16:26:55 -0400
Processing by VcmsController#home as HTML
  Rendering vcms/home.html.erb within layouts/application
  Rendered vcms/home.html.erb within layouts/application (0.4ms)
  [1m[36mUser Load (1.7ms)[0m  [1m[34mSELECT  `users`.* FROM `users` WHERE `users`.`id` IS NULL LIMIT 1[0m
  Rendered shared/_nav.html.erb (38.4ms)
  Rendered shared/_flash_messages.html.erb (0.4ms)
Completed 200 OK in 517ms (Views: 489.4ms | ActiveRecord: 27.3ms)


Started GET "/login" for 127.0.0.1 at 2017-09-12 16:27:03 -0400
Processing by SessionsController#new as HTML
  Rendering sessions/new.html.erb
  Rendered shared/_flash_messages.html.erb (0.6ms)
  Rendered shared/_flash_messages.html.erb (0.1ms)
  Rendered sessions/new.html.erb (22.7ms)
Completed 200 OK in 24ms (Views: 23.7ms | ActiveRecord: 0.0ms)


Started GET "/login" for 127.0.0.1 at 2017-09-12 16:27:03 -0400
Processing by SessionsController#new as HTML
  Rendering sessions/new.html.erb
  Rendered shared/_flash_messages.html.erb (0.3ms)
  Rendered shared/_flash_messages.html.erb (0.0ms)
  Rendered sessions/new.html.erb (26.0ms)
Completed 200 OK in 27ms (Views: 26.7ms | ActiveRecord: 0.0ms)


